#
# A fatal error has been detected by the Java Runtime Environment:
#
#  EXCEPTION_ACCESS_VIOLATION (0xc0000005) at pc=0x0000000070d2d566, pid=7180, tid=0x00000000000042c8
#
# JRE version: Java(TM) SE Runtime Environment (8.0_271-b09) (build 1.8.0_271-b09)
# Java VM: Java HotSpot(TM) 64-Bit Server VM (25.271-b09 mixed mode windows-amd64 compressed oops)
# Problematic frame:
# V  [jvm.dll+0x1ed566]
#
# Failed to write core dump. Minidumps are not enabled by default on client versions of Windows
#
# If you would like to submit a bug report, please visit:
#   http://bugreport.java.com/bugreport/crash.jsp
#

---------------  T H R E A D  ---------------

Current thread (0x00000213e6e77800):  JavaThread "main" [_thread_in_vm, id=17096, stack(0x0000005c32c00000,0x0000005c32d00000)]

siginfo: ExceptionCode=0xc0000005, writing address 0x000002138cf25040

Registers:
RAX=0x00000213e6e77800, RBX=0x00000213e6e77800, RCX=0x0000000000000006, RDX=0x0000005c32cff4f8
RSP=0x0000005c32cff400, RBP=0x000002138cf25040, RSI=0x00000213e6e77800, RDI=0x0000000000000300
R8 =0x000002138cf25040, R9 =0x0000000000000004, R10=0x00000213e88398e2, R11=0x0000000070d7aab0
R12=0x0000000000000000, R13=0x00000213f91fa588, R14=0x0000005c32cff4f8, R15=0x00000213e6e77800
RIP=0x0000000070d2d566, EFLAGS=0x0000000000010246

Top of Stack: (sp=0x0000005c32cff400)
0x0000005c32cff400:   00000213f91fa588 00000213e8839766
0x0000005c32cff410:   0000000000000326 00000213f91fa588
0x0000005c32cff420:   0000000000000000 0000000000000000
0x0000005c32cff430:   0000000000000326 00000213e883990e
0x0000005c32cff440:   00000213f91fa588 0000005c32cff4c0
0x0000005c32cff450:   0000000000000326 0000005c32cff4c0
0x0000005c32cff460:   0000000000000326 00000213e6e77800
0x0000005c32cff470:   0000005c32cff560 00000213e88395c2
0x0000005c32cff480:   0000005c32cff480 00000213f91fa588
0x0000005c32cff490:   0000005c32cff4f8 00000213f92268b0
0x0000005c32cff4a0:   0000000000000000 00000213f91fa588
0x0000005c32cff4b0:   0000000000000000 0000005c32cff4e0
0x0000005c32cff4c0:   0000005c32cff540 00000213e882837d
0x0000005c32cff4d0:   0000000000000000 00000213e8832d78
0x0000005c32cff4e0:   00000213bf800000 000002138cf25040
0x0000005c32cff4f0:   00000007732192f0 0000000773200190 

Instructions: (pc=0x0000000070d2d566)
0x0000000070d2d546:   b2 05 00 c7 83 70 02 00 00 06 00 00 00 8b 0d 37
0x0000000070d2d556:   9f 59 00 ff 15 91 3e 3c 00 c6 80 94 02 00 00 01
0x0000000070d2d566:   f3 0f 11 75 00 c6 80 94 02 00 00 00 48 8b 7b 48
0x0000000070d2d576:   48 8b 47 10 48 8b 77 08 48 83 38 00 74 19 48 8b 


Register to memory mapping:

RAX=0x00000213e6e77800 is a thread
RBX=0x00000213e6e77800 is a thread
RCX=0x0000000000000006 is an unknown value
RDX=0x0000005c32cff4f8 is pointing into the stack for thread: 0x00000213e6e77800
RSP=0x0000005c32cff400 is pointing into the stack for thread: 0x00000213e6e77800
RBP=0x000002138cf25040 is an unknown value
RSI=0x00000213e6e77800 is a thread
RDI=0x0000000000000300 is an unknown value
R8 =0x000002138cf25040 is an unknown value
R9 =0x0000000000000004 is an unknown value
R10=0x00000213e88398e2 is at code_begin+962 in an Interpreter codelet
method entry point (kind = native)  [0x00000213e8839520, 0x00000213e8839fc0]  2720 bytes
R11=0x0000000070d7aab0 is an unknown value
R12=0x0000000000000000 is an unknown value
R13={method} {0x00000213f91fa590} 'putFloat' '(JF)V' in 'sun/misc/Unsafe'
R14=0x0000005c32cff4f8 is pointing into the stack for thread: 0x00000213e6e77800
R15=0x00000213e6e77800 is a thread


Stack: [0x0000005c32c00000,0x0000005c32d00000],  sp=0x0000005c32cff400,  free space=1021k
Native frames: (J=compiled Java code, j=interpreted, Vv=VM code, C=native code)
V  [jvm.dll+0x1ed566]
C  0x00000213e883990e

Java frames: (J=compiled Java code, j=interpreted, Vv=VM code)
j  sun.misc.Unsafe.putFloat(JF)V+0
j  java.nio.DirectFloatBufferU.put(IF)Ljava/nio/FloatBuffer;+13
j  niles.lwjgl.entity.Geometry.addVertice(Lniles/lwjgl/entity/Vertex;)V+23
j  niles.lwjgl.entity.Geometry.loadModel(Ljava/lang/String;)Lniles/lwjgl/entity/Geometry;+344
j  testing.sceneTest$1.onload()V+2
j  niles.lwjgl.loop.Scene.loop()V+8
j  niles.lwjgl.loop.Game.loop()V+42
j  niles.lwjgl.loop.Game.<init>()V+75
j  testing.sceneTest.<init>()V+1
j  testing.sceneTest.main([Ljava/lang/String;)V+3
v  ~StubRoutines::call_stub

---------------  P R O C E S S  ---------------

Java Threads: ( => current thread )
  0x00000213fc122000 JavaThread "Service Thread" daemon [_thread_blocked, id=16192, stack(0x0000005c34000000,0x0000005c34100000)]
  0x00000213f9c65800 JavaThread "C1 CompilerThread3" daemon [_thread_blocked, id=12996, stack(0x0000005c33f00000,0x0000005c34000000)]
  0x00000213f9c64000 JavaThread "C2 CompilerThread2" daemon [_thread_blocked, id=12764, stack(0x0000005c33e00000,0x0000005c33f00000)]
  0x00000213f9c58800 JavaThread "C2 CompilerThread1" daemon [_thread_blocked, id=6712, stack(0x0000005c33d00000,0x0000005c33e00000)]
  0x00000213f9c54800 JavaThread "C2 CompilerThread0" daemon [_thread_blocked, id=11480, stack(0x0000005c33c00000,0x0000005c33d00000)]
  0x00000213f9c51800 JavaThread "Attach Listener" daemon [_thread_blocked, id=6652, stack(0x0000005c33b00000,0x0000005c33c00000)]
  0x00000213f9c4e800 JavaThread "Signal Dispatcher" daemon [_thread_blocked, id=3796, stack(0x0000005c33a00000,0x0000005c33b00000)]
  0x00000213f9c33000 JavaThread "Finalizer" daemon [_thread_blocked, id=9232, stack(0x0000005c33900000,0x0000005c33a00000)]
  0x00000213f9c03800 JavaThread "Reference Handler" daemon [_thread_blocked, id=6300, stack(0x0000005c33800000,0x0000005c33900000)]
=>0x00000213e6e77800 JavaThread "main" [_thread_in_vm, id=17096, stack(0x0000005c32c00000,0x0000005c32d00000)]

Other Threads:
  0x00000213f9bfa000 VMThread [stack: 0x0000005c33700000,0x0000005c33800000] [id=9144]
  0x00000213fc153800 WatcherThread [stack: 0x0000005c34100000,0x0000005c34200000] [id=8328]

VM state:not at safepoint (normal execution)

VM Mutex/Monitor currently owned by a thread: None

heap address: 0x00000006c1600000, size: 4074 MB, Compressed Oops mode: Zero based, Oop shift amount: 3
Narrow klass base: 0x0000000000000000, Narrow klass shift: 3
Compressed class space size: 1073741824 Address: 0x00000007c0000000

Heap:
 PSYoungGen      total 141824K, used 140896K [0x000000076b200000, 0x000000077d600000, 0x00000007c0000000)
  eden space 131072K, 99% used [0x000000076b200000,0x00000007731199e8,0x0000000773200000)
  from space 10752K, 99% used [0x0000000773200000,0x0000000773c7e650,0x0000000773c80000)
  to   space 18432K, 0% used [0x000000077c400000,0x000000077c400000,0x000000077d600000)
 ParOldGen       total 175104K, used 8184K [0x00000006c1600000, 0x00000006cc100000, 0x000000076b200000)
  object space 175104K, 4% used [0x00000006c1600000,0x00000006c1dfe000,0x00000006cc100000)
 Metaspace       used 9846K, capacity 10053K, committed 10112K, reserved 1058816K
  class space    used 787K, capacity 871K, committed 896K, reserved 1048576K

Card table byte_map: [0x00000213f7be0000,0x00000213f83e0000] byte_map_base: 0x00000213f45d5000

Marking Bits: (ParMarkBitMap*) 0x0000000071337fe0
 Begin Bits: [0x0000021380000000, 0x0000021383fa8000)
 End Bits:   [0x0000021383fa8000, 0x0000021387f50000)

Polling page: 0x00000213e6fb0000

CodeCache: size=245760Kb used=3870Kb max_used=3888Kb free=241889Kb
 bounds [0x00000213e8820000, 0x00000213e8c00000, 0x00000213f7820000]
 total_blobs=1754 nmethods=821 adapters=847
 compilation: enabled

Compilation events (10 events):
Event: 1.063 Thread 0x00000213f9c65800  817 % !   3       niles.lwjgl.entity.Geometry::loadModel @ 87 (417 bytes)
Event: 1.063 Thread 0x00000213f9c58800  818   !   4       sun.misc.FloatingDecimal::readJavaFormatString (794 bytes)
Event: 1.067 Thread 0x00000213f9c65800 nmethod 817% 0x00000213e8bd7f50 code [0x00000213e8bd89a0, 0x00000213e8bdfb90]
Event: 1.072 Thread 0x00000213f9c58800 nmethod 818 0x00000213e8be7bd0 code [0x00000213e8be7d60, 0x00000213e8be88f8]
Event: 1.090 Thread 0x00000213f9c64000  819 % !   4       niles.lwjgl.entity.Geometry::loadModel @ 87 (417 bytes)
Event: 1.118 Thread 0x00000213f9c64000 nmethod 819% 0x00000213e8becc90 code [0x00000213e8bed020, 0x00000213e8bef000]
Event: 1.147 Thread 0x00000213f9c54800  820       4       java.nio.CharBuffer::arrayOffset (35 bytes)
Event: 1.148 Thread 0x00000213f9c54800 nmethod 820 0x00000213e8bb7010 code [0x00000213e8bb7140, 0x00000213e8bb71d8]
Event: 1.154 Thread 0x00000213f9c58800  821       4       java.nio.Buffer::limit (53 bytes)
Event: 1.154 Thread 0x00000213f9c58800 nmethod 821 0x00000213e8bb6d10 code [0x00000213e8bb6e60, 0x00000213e8bb6f38]

GC Heap History (10 events):
Event: 0.891 GC heap before
{Heap before GC invocations=1 (full 0):
 PSYoungGen      total 76288K, used 65536K [0x000000076b200000, 0x0000000770700000, 0x00000007c0000000)
  eden space 65536K, 100% used [0x000000076b200000,0x000000076f200000,0x000000076f200000)
  from space 10752K, 0% used [0x000000076fc80000,0x000000076fc80000,0x0000000770700000)
  to   space 10752K, 0% used [0x000000076f200000,0x000000076f200000,0x000000076fc80000)
 ParOldGen       total 175104K, used 0K [0x00000006c1600000, 0x00000006cc100000, 0x000000076b200000)
  object space 175104K, 0% used [0x00000006c1600000,0x00000006c1600000,0x00000006cc100000)
 Metaspace       used 9805K, capacity 10053K, committed 10112K, reserved 1058816K
  class space    used 786K, capacity 871K, committed 896K, reserved 1048576K
Event: 0.895 GC heap after
Heap after GC invocations=1 (full 0):
 PSYoungGen      total 76288K, used 5965K [0x000000076b200000, 0x0000000770700000, 0x00000007c0000000)
  eden space 65536K, 0% used [0x000000076b200000,0x000000076b200000,0x000000076f200000)
  from space 10752K, 55% used [0x000000076f200000,0x000000076f7d3490,0x000000076fc80000)
  to   space 10752K, 0% used [0x000000076fc80000,0x000000076fc80000,0x0000000770700000)
 ParOldGen       total 175104K, used 16K [0x00000006c1600000, 0x00000006cc100000, 0x000000076b200000)
  object space 175104K, 0% used [0x00000006c1600000,0x00000006c1604000,0x00000006cc100000)
 Metaspace       used 9805K, capacity 10053K, committed 10112K, reserved 1058816K
  class space    used 786K, capacity 871K, committed 896K, reserved 1048576K
}
Event: 0.932 GC heap before
{Heap before GC invocations=2 (full 0):
 PSYoungGen      total 76288K, used 71501K [0x000000076b200000, 0x0000000770700000, 0x00000007c0000000)
  eden space 65536K, 100% used [0x000000076b200000,0x000000076f200000,0x000000076f200000)
  from space 10752K, 55% used [0x000000076f200000,0x000000076f7d3490,0x000000076fc80000)
  to   space 10752K, 0% used [0x000000076fc80000,0x000000076fc80000,0x0000000770700000)
 ParOldGen       total 175104K, used 16K [0x00000006c1600000, 0x00000006cc100000, 0x000000076b200000)
  object space 175104K, 0% used [0x00000006c1600000,0x00000006c1604000,0x00000006cc100000)
 Metaspace       used 9831K, capacity 10053K, committed 10112K, reserved 1058816K
  class space    used 786K, capacity 871K, committed 896K, reserved 1048576K
Event: 0.936 GC heap after
Heap after GC invocations=2 (full 0):
 PSYoungGen      total 76288K, used 6353K [0x000000076b200000, 0x0000000774700000, 0x00000007c0000000)
  eden space 65536K, 0% used [0x000000076b200000,0x000000076b200000,0x000000076f200000)
  from space 10752K, 59% used [0x000000076fc80000,0x00000007702b4538,0x0000000770700000)
  to   space 10752K, 0% used [0x000000076f200000,0x000000076f200000,0x000000076fc80000)
 ParOldGen       total 175104K, used 24K [0x00000006c1600000, 0x00000006cc100000, 0x000000076b200000)
  object space 175104K, 0% used [0x00000006c1600000,0x00000006c1606000,0x00000006cc100000)
 Metaspace       used 9831K, capacity 10053K, committed 10112K, reserved 1058816K
  class space    used 786K, capacity 871K, committed 896K, reserved 1048576K
}
Event: 0.966 GC heap before
{Heap before GC invocations=3 (full 0):
 PSYoungGen      total 76288K, used 71889K [0x000000076b200000, 0x0000000774700000, 0x00000007c0000000)
  eden space 65536K, 100% used [0x000000076b200000,0x000000076f200000,0x000000076f200000)
  from space 10752K, 59% used [0x000000076fc80000,0x00000007702b4538,0x0000000770700000)
  to   space 10752K, 0% used [0x000000076f200000,0x000000076f200000,0x000000076fc80000)
 ParOldGen       total 175104K, used 24K [0x00000006c1600000, 0x00000006cc100000, 0x000000076b200000)
  object space 175104K, 0% used [0x00000006c1600000,0x00000006c1606000,0x00000006cc100000)
 Metaspace       used 9831K, capacity 10053K, committed 10112K, reserved 1058816K
  class space    used 786K, capacity 871K, committed 896K, reserved 1048576K
Event: 0.972 GC heap after
Heap after GC invocations=3 (full 0):
 PSYoungGen      total 76288K, used 8799K [0x000000076b200000, 0x0000000774700000, 0x00000007c0000000)
  eden space 65536K, 0% used [0x000000076b200000,0x000000076b200000,0x000000076f200000)
  from space 10752K, 81% used [0x000000076f200000,0x000000076fa97f88,0x000000076fc80000)
  to   space 10752K, 0% used [0x0000000773c80000,0x0000000773c80000,0x0000000774700000)
 ParOldGen       total 175104K, used 32K [0x00000006c1600000, 0x00000006cc100000, 0x000000076b200000)
  object space 175104K, 0% used [0x00000006c1600000,0x00000006c1608000,0x00000006cc100000)
 Metaspace       used 9831K, capacity 10053K, committed 10112K, reserved 1058816K
  class space    used 786K, capacity 871K, committed 896K, reserved 1048576K
}
Event: 1.007 GC heap before
{Heap before GC invocations=4 (full 0):
 PSYoungGen      total 76288K, used 74335K [0x000000076b200000, 0x0000000774700000, 0x00000007c0000000)
  eden space 65536K, 100% used [0x000000076b200000,0x000000076f200000,0x000000076f200000)
  from space 10752K, 81% used [0x000000076f200000,0x000000076fa97f88,0x000000076fc80000)
  to   space 10752K, 0% used [0x0000000773c80000,0x0000000773c80000,0x0000000774700000)
 ParOldGen       total 175104K, used 32K [0x00000006c1600000, 0x00000006cc100000, 0x000000076b200000)
  object space 175104K, 0% used [0x00000006c1600000,0x00000006c1608000,0x00000006cc100000)
 Metaspace       used 9846K, capacity 10053K, committed 10112K, reserved 1058816K
  class space    used 787K, capacity 871K, committed 896K, reserved 1048576K
Event: 1.014 GC heap after
Heap after GC invocations=4 (full 0):
 PSYoungGen      total 141824K, used 10741K [0x000000076b200000, 0x0000000774700000, 0x00000007c0000000)
  eden space 131072K, 0% used [0x000000076b200000,0x000000076b200000,0x0000000773200000)
  from space 10752K, 99% used [0x0000000773c80000,0x00000007746fd6d0,0x0000000774700000)
  to   space 10752K, 0% used [0x0000000773200000,0x0000000773200000,0x0000000773c80000)
 ParOldGen       total 175104K, used 1528K [0x00000006c1600000, 0x00000006cc100000, 0x000000076b200000)
  object space 175104K, 0% used [0x00000006c1600000,0x00000006c177e000,0x00000006cc100000)
 Metaspace       used 9846K, capacity 10053K, committed 10112K, reserved 1058816K
  class space    used 787K, capacity 871K, committed 896K, reserved 1048576K
}
Event: 1.092 GC heap before
{Heap before GC invocations=5 (full 0):
 PSYoungGen      total 141824K, used 141813K [0x000000076b200000, 0x0000000774700000, 0x00000007c0000000)
  eden space 131072K, 100% used [0x000000076b200000,0x0000000773200000,0x0000000773200000)
  from space 10752K, 99% used [0x0000000773c80000,0x00000007746fd6d0,0x0000000774700000)
  to   space 10752K, 0% used [0x0000000773200000,0x0000000773200000,0x0000000773c80000)
 ParOldGen       total 175104K, used 1528K [0x00000006c1600000, 0x00000006cc100000, 0x000000076b200000)
  object space 175104K, 0% used [0x00000006c1600000,0x00000006c177e000,0x00000006cc100000)
 Metaspace       used 9846K, capacity 10053K, committed 10112K, reserved 1058816K
  class space    used 787K, capacity 871K, committed 896K, reserved 1048576K
Event: 1.102 GC heap after
Heap after GC invocations=5 (full 0):
 PSYoungGen      total 141824K, used 10745K [0x000000076b200000, 0x000000077d600000, 0x00000007c0000000)
  eden space 131072K, 0% used [0x000000076b200000,0x000000076b200000,0x0000000773200000)
  from space 10752K, 99% used [0x0000000773200000,0x0000000773c7e650,0x0000000773c80000)
  to   space 18432K, 0% used [0x000000077c400000,0x000000077c400000,0x000000077d600000)
 ParOldGen       total 175104K, used 8184K [0x00000006c1600000, 0x00000006cc100000, 0x000000076b200000)
  object space 175104K, 4% used [0x00000006c1600000,0x00000006c1dfe000,0x00000006cc100000)
 Metaspace       used 9846K, capacity 10053K, committed 10112K, reserved 1058816K
  class space    used 787K, capacity 871K, committed 896K, reserved 1048576K
}

Deoptimization events (10 events):
Event: 0.831 Thread 0x00000213e6e77800 Uncommon trap: reason=unstable_if action=reinterpret pc=0x00000213e8b42134 method=java.io.BufferedReader.readLine(Z)Ljava/lang/String; @ 153
Event: 0.852 Thread 0x00000213e6e77800 Uncommon trap: reason=predicate action=maybe_recompile pc=0x00000213e8b73330 method=java.util.AbstractCollection.toArray([Ljava/lang/Object;)[Ljava/lang/Object; @ 49
Event: 0.859 Thread 0x00000213e6e77800 Uncommon trap: reason=array_check action=maybe_recompile pc=0x00000213e8b74ce0 method=java.util.AbstractCollection.toArray([Ljava/lang/Object;)[Ljava/lang/Object; @ 119
Event: 0.859 Thread 0x00000213e6e77800 Uncommon trap: reason=array_check action=maybe_recompile pc=0x00000213e8b74ce0 method=java.util.AbstractCollection.toArray([Ljava/lang/Object;)[Ljava/lang/Object; @ 119
Event: 0.859 Thread 0x00000213e6e77800 Uncommon trap: reason=array_check action=maybe_recompile pc=0x00000213e8b74ce0 method=java.util.AbstractCollection.toArray([Ljava/lang/Object;)[Ljava/lang/Object; @ 119
Event: 0.859 Thread 0x00000213e6e77800 Uncommon trap: reason=array_check action=maybe_recompile pc=0x00000213e8b74ce0 method=java.util.AbstractCollection.toArray([Ljava/lang/Object;)[Ljava/lang/Object; @ 119
Event: 0.980 Thread 0x00000213e6e77800 Uncommon trap: reason=unstable_if action=reinterpret pc=0x00000213e8bbc32c method=niles.lwjgl.entity.Geometry.loadModel(Ljava/lang/String;)Lniles/lwjgl/entity/Geometry; @ 109
Event: 1.060 Thread 0x00000213e6e77800 Uncommon trap: reason=unstable_if action=reinterpret pc=0x00000213e8bce488 method=niles.lwjgl.entity.Geometry.loadModel(Ljava/lang/String;)Lniles/lwjgl/entity/Geometry; @ 156
Event: 1.061 Thread 0x00000213e6e77800 Uncommon trap: reason=unstable_if action=reinterpret pc=0x00000213e8b7ba2c method=sun.misc.FloatingDecimal.readJavaFormatString(Ljava/lang/String;)Lsun/misc/FloatingDecimal$ASCIIToBinaryConverter; @ 733
Event: 1.162 Thread 0x00000213e6e77800 Uncommon trap: reason=unstable_if action=reinterpret pc=0x00000213e8bee078 method=niles.lwjgl.entity.Geometry.loadModel(Ljava/lang/String;)Lniles/lwjgl/entity/Geometry; @ 196

Classes redefined (0 events):
No events

Internal exceptions (10 events):
Event: 0.192 Thread 0x00000213e6e77800 Exception <a 'sun/nio/fs/WindowsException'> (0x000000076bbb9168) thrown at [C:\jenkins\workspace\8-2-build-windows-amd64-cygwin\jdk8u271\605\hotspot\src\share\vm\prims\jni.cpp, line 710]
Event: 0.193 Thread 0x00000213e6e77800 Exception <a 'sun/nio/fs/WindowsException'> (0x000000076bbb99f8) thrown at [C:\jenkins\workspace\8-2-build-windows-amd64-cygwin\jdk8u271\605\hotspot\src\share\vm\prims\jni.cpp, line 710]
Event: 0.202 Thread 0x00000213e6e77800 Exception <a 'sun/nio/fs/WindowsException'> (0x000000076bbfcc68) thrown at [C:\jenkins\workspace\8-2-build-windows-amd64-cygwin\jdk8u271\605\hotspot\src\share\vm\prims\jni.cpp, line 710]
Event: 0.202 Thread 0x00000213e6e77800 Exception <a 'sun/nio/fs/WindowsException'> (0x000000076bbfd330) thrown at [C:\jenkins\workspace\8-2-build-windows-amd64-cygwin\jdk8u271\605\hotspot\src\share\vm\prims\jni.cpp, line 710]
Event: 0.506 Thread 0x00000213e6e77800 Exception <a 'sun/nio/fs/WindowsException'> (0x000000076be311c0) thrown at [C:\jenkins\workspace\8-2-build-windows-amd64-cygwin\jdk8u271\605\hotspot\src\share\vm\prims\jni.cpp, line 710]
Event: 0.506 Thread 0x00000213e6e77800 Exception <a 'sun/nio/fs/WindowsException'> (0x000000076be318f0) thrown at [C:\jenkins\workspace\8-2-build-windows-amd64-cygwin\jdk8u271\605\hotspot\src\share\vm\prims\jni.cpp, line 710]
Event: 0.508 Thread 0x00000213e6e77800 Exception <a 'sun/nio/fs/WindowsException'> (0x000000076be4a050) thrown at [C:\jenkins\workspace\8-2-build-windows-amd64-cygwin\jdk8u271\605\hotspot\src\share\vm\prims\jni.cpp, line 710]
Event: 0.508 Thread 0x00000213e6e77800 Exception <a 'sun/nio/fs/WindowsException'> (0x000000076be4a630) thrown at [C:\jenkins\workspace\8-2-build-windows-amd64-cygwin\jdk8u271\605\hotspot\src\share\vm\prims\jni.cpp, line 710]
Event: 0.559 Thread 0x00000213e6e77800 Exception <a 'sun/nio/fs/WindowsException'> (0x000000076c022108) thrown at [C:\jenkins\workspace\8-2-build-windows-amd64-cygwin\jdk8u271\605\hotspot\src\share\vm\prims\jni.cpp, line 710]
Event: 0.559 Thread 0x00000213e6e77800 Exception <a 'sun/nio/fs/WindowsException'> (0x000000076c022820) thrown at [C:\jenkins\workspace\8-2-build-windows-amd64-cygwin\jdk8u271\605\hotspot\src\share\vm\prims\jni.cpp, line 710]

Events (10 events):
Event: 1.061 Thread 0x00000213e6e77800 Uncommon trap: trap_request=0xffffff65 fr.pc=0x00000213e8b7ba2c
Event: 1.061 Thread 0x00000213e6e77800 DEOPT PACKING pc=0x00000213e8b7ba2c sp=0x0000005c32cff520
Event: 1.061 Thread 0x00000213e6e77800 DEOPT UNPACKING pc=0x00000213e8865843 sp=0x0000005c32cff458 mode 2
Event: 1.092 Executing VM operation: ParallelGCFailedAllocation
Event: 1.102 Executing VM operation: ParallelGCFailedAllocation done
Event: 1.119 Thread 0x00000213e6e77800 DEOPT PACKING pc=0x00000213e8bdee2e sp=0x0000005c32cff3e0
Event: 1.119 Thread 0x00000213e6e77800 DEOPT UNPACKING pc=0x00000213e8867498 sp=0x0000005c32cff318 mode 0
Event: 1.162 Thread 0x00000213e6e77800 Uncommon trap: trap_request=0xffffff65 fr.pc=0x00000213e8bee078
Event: 1.162 Thread 0x00000213e6e77800 DEOPT PACKING pc=0x00000213e8bee078 sp=0x0000005c32cff5f0
Event: 1.162 Thread 0x00000213e6e77800 DEOPT UNPACKING pc=0x00000213e8865843 sp=0x0000005c32cff5a0 mode 2


Dynamic libraries:
0x00007ff704570000 - 0x00007ff7045b7000 	C:\Program Files\Java\jre1.8.0_271\bin\javaw.exe
0x00007ff9b2c30000 - 0x00007ff9b2e26000 	C:\Windows\SYSTEM32\ntdll.dll
0x00007ff9b2440000 - 0x00007ff9b24fd000 	C:\Windows\System32\KERNEL32.DLL
0x00007ff9b03c0000 - 0x00007ff9b0688000 	C:\Windows\System32\KERNELBASE.dll
0x00007ff9b1fd0000 - 0x00007ff9b207c000 	C:\Windows\System32\ADVAPI32.dll
0x00007ff9b2080000 - 0x00007ff9b211e000 	C:\Windows\System32\msvcrt.dll
0x00007ff9b1ef0000 - 0x00007ff9b1f8b000 	C:\Windows\System32\sechost.dll
0x00007ff9b2190000 - 0x00007ff9b22b4000 	C:\Windows\System32\RPCRT4.dll
0x00007ff9b2970000 - 0x00007ff9b2b10000 	C:\Windows\System32\USER32.dll
0x00007ff9b0be0000 - 0x00007ff9b0c02000 	C:\Windows\System32\win32u.dll
0x00007ff9b1f90000 - 0x00007ff9b1fba000 	C:\Windows\System32\GDI32.dll
0x00007ff9b0aa0000 - 0x00007ff9b0ba9000 	C:\Windows\System32\gdi32full.dll
0x00007ff9b0690000 - 0x00007ff9b072d000 	C:\Windows\System32\msvcp_win.dll
0x00007ff9b07e0000 - 0x00007ff9b08e0000 	C:\Windows\System32\ucrtbase.dll
0x00007ff9a0980000 - 0x00007ff9a0c1b000 	C:\Windows\WinSxS\amd64_microsoft.windows.common-controls_6595b64144ccf1df_6.0.19041.488_none_ca04af081b815d21\COMCTL32.dll
0x00007ff9b1cf0000 - 0x00007ff9b1d20000 	C:\Windows\System32\IMM32.DLL
0x00007ff9a2620000 - 0x00007ff9a2635000 	C:\Program Files\Java\jre1.8.0_271\bin\vcruntime140.dll
0x00007ff9806e0000 - 0x00007ff98077b000 	C:\Program Files\Java\jre1.8.0_271\bin\msvcp140.dll
0x0000000070b40000 - 0x00000000713af000 	C:\Program Files\Java\jre1.8.0_271\bin\server\jvm.dll
0x00007ff9b0d60000 - 0x00007ff9b0d68000 	C:\Windows\System32\PSAPI.DLL
0x00007ff9a8350000 - 0x00007ff9a8377000 	C:\Windows\SYSTEM32\WINMM.dll
0x00007ff9a6f60000 - 0x00007ff9a6f69000 	C:\Windows\SYSTEM32\WSOCK32.dll
0x00007ff9aa4a0000 - 0x00007ff9aa4aa000 	C:\Windows\SYSTEM32\VERSION.dll
0x00007ff9b2120000 - 0x00007ff9b218b000 	C:\Windows\System32\WS2_32.dll
0x00007ff9ae2a0000 - 0x00007ff9ae2b2000 	C:\Windows\SYSTEM32\kernel.appcore.dll
0x00007ff9a6e60000 - 0x00007ff9a6e70000 	C:\Program Files\Java\jre1.8.0_271\bin\verify.dll
0x00007ff990450000 - 0x00007ff99047b000 	C:\Program Files\Java\jre1.8.0_271\bin\java.dll
0x00007ff9a6cd0000 - 0x00007ff9a6ce8000 	C:\Program Files\Java\jre1.8.0_271\bin\zip.dll
0x00007ff9b13f0000 - 0x00007ff9b1b31000 	C:\Windows\System32\SHELL32.dll
0x00007ff9ae4a0000 - 0x00007ff9aec35000 	C:\Windows\SYSTEM32\windows.storage.dll
0x00007ff9b2560000 - 0x00007ff9b28b5000 	C:\Windows\System32\combase.dll
0x00007ff9afde0000 - 0x00007ff9afe0c000 	C:\Windows\SYSTEM32\Wldp.dll
0x00007ff9b12a0000 - 0x00007ff9b134e000 	C:\Windows\System32\SHCORE.dll
0x00007ff9b2500000 - 0x00007ff9b2555000 	C:\Windows\System32\shlwapi.dll
0x00007ff9b02a0000 - 0x00007ff9b02c6000 	C:\Windows\SYSTEM32\profapi.dll
0x00007ff9a6c00000 - 0x00007ff9a6c1c000 	C:\Program Files\Java\jre1.8.0_271\bin\net.dll
0x00007ff9afb10000 - 0x00007ff9afb7a000 	C:\Windows\system32\mswsock.dll
0x00007ff9a2800000 - 0x00007ff9a2813000 	C:\Program Files\Java\jre1.8.0_271\bin\nio.dll
0x00007ff980670000 - 0x00007ff9806d4000 	C:\Users\nils\AppData\Local\Temp\lwjglnils\3.2.3-build-13\lwjgl.dll
0x00007ff97fa10000 - 0x00007ff97fa72000 	C:\Users\nils\AppData\Local\Temp\lwjglnils\3.2.3-build-13\glfw.dll
0x00007ff9addc0000 - 0x00007ff9ade5e000 	C:\Windows\system32\uxtheme.dll
0x00007ff97f9c0000 - 0x00007ff97fa05000 	C:\Windows\SYSTEM32\dinput8.dll
0x00007ff97aee0000 - 0x00007ff97aef1000 	C:\Windows\SYSTEM32\xinput1_4.dll
0x00007ff9b0370000 - 0x00007ff9b03be000 	C:\Windows\System32\cfgmgr32.dll
0x00007ff9b0120000 - 0x00007ff9b014c000 	C:\Windows\SYSTEM32\DEVOBJ.dll
0x00007ff9adfb0000 - 0x00007ff9adfdf000 	C:\Windows\SYSTEM32\dwmapi.dll
0x00007ff998e00000 - 0x00007ff998f52000 	C:\Windows\SYSTEM32\inputhost.dll
0x00007ff9b0c90000 - 0x00007ff9b0d5d000 	C:\Windows\System32\OLEAUT32.dll
0x00007ff9ac240000 - 0x00007ff9ac396000 	C:\Windows\SYSTEM32\wintypes.dll
0x00007ff9ad900000 - 0x00007ff9ad9f2000 	C:\Windows\SYSTEM32\CoreMessaging.dll
0x00007ff9abf80000 - 0x00007ff9ac077000 	C:\Windows\SYSTEM32\PROPSYS.dll
0x00007ff9b0c10000 - 0x00007ff9b0c8f000 	C:\Windows\System32\bcryptPrimitives.dll
0x00007ff9ad220000 - 0x00007ff9ad57e000 	C:\Windows\SYSTEM32\CoreUIComponents.dll
0x00007ff9af070000 - 0x00007ff9af0a3000 	C:\Windows\SYSTEM32\ntmarta.dll
0x00007ff9b22c0000 - 0x00007ff9b23d5000 	C:\Windows\System32\MSCTF.dll
0x00007ff9aec40000 - 0x00007ff9aec4d000 	C:\Windows\SYSTEM32\HID.DLL
0x00007ff9b0d70000 - 0x00007ff9b11d7000 	C:\Windows\System32\SETUPAPI.DLL
0x00007ff9b0bb0000 - 0x00007ff9b0bd7000 	C:\Windows\System32\bcrypt.dll
0x00007ff9b0a40000 - 0x00007ff9b0aa0000 	C:\Windows\System32\WINTRUST.dll
0x00007ff9b08e0000 - 0x00007ff9b0a3d000 	C:\Windows\System32\CRYPT32.dll
0x00007ff9aff60000 - 0x00007ff9aff72000 	C:\Windows\SYSTEM32\MSASN1.dll
0x00007ff97b2b0000 - 0x00007ff97b3d5000 	C:\Windows\SYSTEM32\opengl32.dll
0x00007ff99db60000 - 0x00007ff99db8c000 	C:\Windows\SYSTEM32\GLU32.dll
0x00007ff9b28c0000 - 0x00007ff9b2969000 	C:\Windows\System32\clbcatq.dll
0x00007ff9653f0000 - 0x00007ff9680d0000 	C:\Windows\System32\DriverStore\FileRepository\nvmdi.inf_amd64_fe92a8457e8d540c\nvoglv64.dll
0x00007ff9b1d40000 - 0x00007ff9b1e6a000 	C:\Windows\System32\ole32.dll
0x00007ff9ac0e0000 - 0x00007ff9ac0f4000 	C:\Windows\SYSTEM32\WTSAPI32.dll
0x00007ff9a8d00000 - 0x00007ff9a8d31000 	C:\Windows\SYSTEM32\cryptnet.dll
0x00007ff9afd30000 - 0x00007ff9afd3c000 	C:\Windows\SYSTEM32\cryptbase.dll
0x00007ff9a8f30000 - 0x00007ff9a8f6b000 	C:\Windows\SYSTEM32\dxcore.dll
0x00007ff9762e0000 - 0x00007ff976599000 	C:\Windows\system32\nvspcap64.dll
0x00007ff9af950000 - 0x00007ff9af99b000 	C:\Windows\SYSTEM32\powrprof.dll
0x00007ff9af7b0000 - 0x00007ff9af7c2000 	C:\Windows\SYSTEM32\UMPDC.dll
0x00007ff9af0e0000 - 0x00007ff9af13a000 	C:\Windows\SYSTEM32\WINSTA.dll
0x00007ff97ed90000 - 0x00007ff97ede9000 	C:\Users\nils\AppData\Local\Temp\lwjglnils\3.2.3-build-13\lwjgl_opengl.dll
0x00007ff9748c0000 - 0x00007ff974b13000 	C:\Users\nils\AppData\Local\Temp\lwjglnils\3.2.3-build-13\jemalloc.dll
0x00007ff998f90000 - 0x00007ff99908c000 	C:\Windows\SYSTEM32\textinputframework.dll
0x00007ff99d910000 - 0x00007ff99daf4000 	C:\Windows\SYSTEM32\dbghelp.dll

VM Arguments:
jvm_args: -Dfile.encoding=Cp1252 
java_command: testing.sceneTest
java_class_path (initial): C:\Users\nils\eclipse-workspace\lwjgl_library_3D\bin;C:\Users\nils\eclipse-workspace\lwjgl_library_3D\lib\lwjgl-assimp-javadoc.jar;C:\Users\nils\eclipse-workspace\lwjgl_library_3D\lib\lwjgl-assimp-natives-windows.jar;C:\Users\nils\eclipse-workspace\lwjgl_library_3D\lib\lwjgl-assimp-sources.jar;C:\Users\nils\eclipse-workspace\lwjgl_library_3D\lib\lwjgl-assimp.jar;C:\Users\nils\eclipse-workspace\lwjgl_library_3D\lib\lwjgl-bgfx-javadoc.jar;C:\Users\nils\eclipse-workspace\lwjgl_library_3D\lib\lwjgl-bgfx-natives-windows.jar;C:\Users\nils\eclipse-workspace\lwjgl_library_3D\lib\lwjgl-bgfx-sources.jar;C:\Users\nils\eclipse-workspace\lwjgl_library_3D\lib\lwjgl-bgfx.jar;C:\Users\nils\eclipse-workspace\lwjgl_library_3D\lib\lwjgl-cuda-javadoc.jar;C:\Users\nils\eclipse-workspace\lwjgl_library_3D\lib\lwjgl-cuda-sources.jar;C:\Users\nils\eclipse-workspace\lwjgl_library_3D\lib\lwjgl-cuda.jar;C:\Users\nils\eclipse-workspace\lwjgl_library_3D\lib\lwjgl-egl-javadoc.jar;C:\Users\nils\eclipse-workspace\lwjgl_library_3D\lib\lwjgl-egl-sources.jar;C:\Users\nils\eclipse-workspace\lwjgl_library_3D\lib\lwjgl-egl.jar;C:\Users\nils\eclipse-workspace\lwjgl_library_3D\lib\lwjgl-glfw-javadoc.jar;C:\Users\nils\eclipse-workspace\lwjgl_library_3D\lib\lwjgl-glfw-natives-windows.jar;C:\Users\nils\eclipse-workspace\lwjgl_library_3D\lib\lwjgl-glfw-sources.jar;C:\Users\nils\eclipse-workspace\lwjgl_library_3D\lib\lwjgl-glfw.jar;C:\Users\nils\eclipse-workspace\lwjgl_library_3D\lib\lwjgl-javadoc.jar;C:\Users\nils\eclipse-workspace\lwjgl_library_3D\lib\lwjgl-jawt-javadoc.jar;C:\Users\nils\eclipse-workspace\lwjgl_library_3D\lib\lwjgl-jawt-sources.jar;C:\Users\nils\eclipse-workspace\lwjgl_library_3D\lib\lwjgl-jawt.jar;C:\Users\nils\eclipse-workspace\lwjgl_library_3D\lib\lwjgl-jemalloc-javadoc.jar;C:\Users\nils\eclipse-workspace\lwjgl_library_3D\lib\lwjgl-jemalloc-natives-windows.jar;C:\Users\nils\eclipse-workspace\lwjgl_library_3D\lib\lwjgl-jemalloc-sources.jar;C:\Users\nils\eclipse-
Launcher Type: SUN_STANDARD

Environment Variables:
JAVA_HOME=C:\Program Files\Java\jdk-15.0.1
PATH=C:/Program Files/Java/jre1.8.0_271/bin/server;C:/Program Files/Java/jre1.8.0_271/bin;C:/Program Files/Java/jre1.8.0_271/lib/amd64;C:\Program Files (x86)\Common Files\Oracle\Java\javapath;C:\Windows\system32;C:\Windows;C:\Windows\System32\Wbem;C:\Windows\System32\WindowsPowerShell\v1.0\;C:\Windows\System32\OpenSSH\;C:\Program Files\NVIDIA Corporation\NVIDIA NvDLISR;C:\Program Files (x86)\NVIDIA Corporation\PhysX\Common;C:\Program Files\dotnet\;C:\Program Files\Microsoft SQL Server\130\Tools\Binn\;C:\Program Files\Microsoft SQL Server\Client SDK\ODBC\170\Tools\Binn\;C:\Program Files\nodejs\;C:\Program Files\Docker\Docker\resources\bin;C:\ProgramData\DockerDesktop\version-bin;%JAVA_HOME%\bin;C:\Program Files\Java\jre1.8.0_271;C:\Users\nils\Desktop;
USERNAME=nils
OS=Windows_NT
PROCESSOR_IDENTIFIER=AMD64 Family 23 Model 113 Stepping 0, AuthenticAMD



---------------  S Y S T E M  ---------------

OS: Windows 10.0 , 64 bit Build 19041 (10.0.19041.546)

CPU:total 12 (initial active 12) (12 cores per cpu, 1 threads per core) family 23 model 113 stepping 0, cmov, cx8, fxsr, mmx, sse, sse2, sse3, ssse3, sse4.1, sse4.2, popcnt, avx, avx2, aes, clmul, mmxext, 3dnowpref, lzcnt, sse4a, tsc, tscinvbit, tscinv, bmi1

Memory: 4k page, physical 16686844k(10564192k free), swap 20055744k(9996988k free)

vm_info: Java HotSpot(TM) 64-Bit Server VM (25.271-b09) for windows-amd64 JRE (1.8.0_271-b09), built on Sep 16 2020 19:14:59 by "" with MS VC++ 15.9 (VS2017)

time: Wed Nov 25 18:09:50 2020
timezone: W. Europe Standard Time
elapsed time: 1.173130 seconds (0d 0h 0m 1s)

