#
# A fatal error has been detected by the Java Runtime Environment:
#
#  EXCEPTION_ACCESS_VIOLATION (0xc0000005) at pc=0x00007ffdd32244b0, pid=18736, tid=0x0000000000004288
#
# JRE version: Java(TM) SE Runtime Environment (8.0_271-b09) (build 1.8.0_271-b09)
# Java VM: Java HotSpot(TM) 64-Bit Server VM (25.271-b09 mixed mode windows-amd64 compressed oops)
# Problematic frame:
# C  [nvoglv64.dll+0xdd44b0]
#
# Failed to write core dump. Minidumps are not enabled by default on client versions of Windows
#
# If you would like to submit a bug report, please visit:
#   http://bugreport.java.com/bugreport/crash.jsp
# The crash happened outside the Java Virtual Machine in native code.
# See problematic frame for where to report the bug.
#

---------------  T H R E A D  ---------------

Current thread (0x0000020d72d48800):  JavaThread "main" [_thread_in_native, id=17032, stack(0x0000002959b00000,0x0000002959c00000)]

siginfo: ExceptionCode=0xc0000005, reading address 0x0000000000000618

Registers:
RAX=0xfffffffffffffd00, RBX=0x0000000000000618, RCX=0x000000000000000c, RDX=0x0000000000000618
RSP=0x0000002959bfed60, RBP=0x000000000000000c, RSI=0x0000020d110e2780, RDI=0x000000000000030c
R8 =0x000000000000030c, R9 =0x00007ffdd323f120, R10=0x0000020d11309170, R11=0x0000000052a9aab0
R12=0x00000000000088e8, R13=0x0000000000008892, R14=0x0000002959bfeee8, R15=0x0000020d72d48800
RIP=0x00007ffdd32244b0, EFLAGS=0x0000000000010207

Top of Stack: (sp=0x0000002959bfed60)
0x0000002959bfed60:   0000020d7e060190 0000020d7e48d948
0x0000002959bfed70:   0000002959bfeee8 0000000000000000
0x0000002959bfed80:   0000000000000000 00007ffdd2c1d6d3
0x0000002959bfed90:   0000020d12920080 0000020d12920080
0x0000002959bfeda0:   0000000000000618 00000000000088e8
0x0000002959bfedb0:   0000000000000000 0000002959bfeec0
0x0000002959bfedc0:   0000002900000001 0000000000000000
0x0000002959bfedd0:   0000020d00000000 0000020d110e2780
0x0000002959bfede0:   0000020d17a8b948 0000000000000000
0x0000002959bfedf0:   0000020d0000837d 0000002959bfeea0
0x0000002959bfee00:   0000020d17a8b948 0000020d0001990e
0x0000002959bfee10:   0000000000000000 0000002959bfeee8
0x0000002959bfee20:   0000020d72d48800 0000020d7e4987e0
0x0000002959bfee30:   0000000000000618 0000020d000088e8
0x0000002959bfee40:   0000000000000000 0000002959bfee60
0x0000002959bfee50:   0000002959bfeec0 0000020d00007e90 

Instructions: (pc=0x00007ffdd32244b0)
0x00007ffdd3224490:   7c 24 30 a8 0f 74 7f 48 83 fd 40 72 3f 48 8b cd
0x00007ffdd32244a0:   48 c1 e9 06 48 6b c1 c0 48 03 e8 0f 1f 44 00 00
0x00007ffdd32244b0:   0f 10 03 0f 10 4b 10 0f 10 53 20 0f 10 5b 30 48
0x00007ffdd32244c0:   83 c3 40 0f 2b 06 0f 2b 4e 10 0f 2b 56 20 0f 2b 


Register to memory mapping:

RAX=0xfffffffffffffd00 is an unknown value
RBX=0x0000000000000618 is an unknown value
RCX=0x000000000000000c is an unknown value
RDX=0x0000000000000618 is an unknown value
RSP=0x0000002959bfed60 is pointing into the stack for thread: 0x0000020d72d48800
RBP=0x000000000000000c is an unknown value
RSI=0x0000020d110e2780 is an unknown value
RDI=0x000000000000030c is an unknown value
R8 =0x000000000000030c is an unknown value
R9 =0x00007ffdd323f120 is an unknown value
R10=0x0000020d11309170 is an unknown value
R11=0x0000000052a9aab0 is an unknown value
R12=0x00000000000088e8 is an unknown value
R13=0x0000000000008892 is an unknown value
R14=0x0000002959bfeee8 is pointing into the stack for thread: 0x0000020d72d48800
R15=0x0000020d72d48800 is a thread


Stack: [0x0000002959b00000,0x0000002959c00000],  sp=0x0000002959bfed60,  free space=1019k
Native frames: (J=compiled Java code, j=interpreted, Vv=VM code, C=native code)
C  [nvoglv64.dll+0xdd44b0]
C  [nvoglv64.dll+0x7cd6d3]
C  0x0000020d0001990e

Java frames: (J=compiled Java code, j=interpreted, Vv=VM code)
j  org.lwjgl.opengl.GL15C.nglBufferData(IJJI)V+0
j  org.lwjgl.opengl.GL15C.glBufferData(ILjava/nio/FloatBuffer;I)V+15
j  org.lwjgl.opengl.GL15.glBufferData(ILjava/nio/FloatBuffer;I)V+3
j  niles.lwjgl.entity.Geometry.updateVertices()V+23
j  niles.lwjgl.entity.Geometry.loadModel(Ljava/lang/String;)Lniles/lwjgl/entity/Geometry;+408
j  niles.examples.Example2$1.onload()V+2
j  niles.lwjgl.loop.Scene.loop()V+8
j  niles.lwjgl.loop.Game.loop()V+42
j  niles.lwjgl.loop.Game.<init>(IIZ)V+71
j  niles.examples.Example2.<init>()V+8
j  niles.examples.Example2.main([Ljava/lang/String;)V+3
v  ~StubRoutines::call_stub

---------------  P R O C E S S  ---------------

Java Threads: ( => current thread )
  0x0000020d0ff65800 JavaThread "Service Thread" daemon [_thread_blocked, id=10988, stack(0x000000295af00000,0x000000295b000000)]
  0x0000020d7eab3800 JavaThread "C1 CompilerThread3" daemon [_thread_blocked, id=10444, stack(0x000000295ae00000,0x000000295af00000)]
  0x0000020d7eaa7000 JavaThread "C2 CompilerThread2" daemon [_thread_blocked, id=7572, stack(0x000000295ad00000,0x000000295ae00000)]
  0x0000020d7eaa4800 JavaThread "C2 CompilerThread1" daemon [_thread_blocked, id=17524, stack(0x000000295ac00000,0x000000295ad00000)]
  0x0000020d7eaa0800 JavaThread "C2 CompilerThread0" daemon [_thread_blocked, id=18576, stack(0x000000295ab00000,0x000000295ac00000)]
  0x0000020d7ea9b800 JavaThread "Attach Listener" daemon [_thread_blocked, id=14228, stack(0x000000295aa00000,0x000000295ab00000)]
  0x0000020d7ea98000 JavaThread "Signal Dispatcher" daemon [_thread_blocked, id=19316, stack(0x000000295a900000,0x000000295aa00000)]
  0x0000020d7ea7e800 JavaThread "Finalizer" daemon [_thread_blocked, id=12892, stack(0x000000295a800000,0x000000295a900000)]
  0x0000020d7ea58000 JavaThread "Reference Handler" daemon [_thread_blocked, id=16376, stack(0x000000295a700000,0x000000295a800000)]
=>0x0000020d72d48800 JavaThread "main" [_thread_in_native, id=17032, stack(0x0000002959b00000,0x0000002959c00000)]

Other Threads:
  0x0000020d7ea4d000 VMThread [stack: 0x000000295a600000,0x000000295a700000] [id=10612]
  0x0000020d0ff9f000 WatcherThread [stack: 0x000000295b000000,0x000000295b100000] [id=13044]

VM state:not at safepoint (normal execution)

VM Mutex/Monitor currently owned by a thread: None

heap address: 0x00000006c1600000, size: 4074 MB, Compressed Oops mode: Zero based, Oop shift amount: 3
Narrow klass base: 0x0000000000000000, Narrow klass shift: 3
Compressed class space size: 1073741824 Address: 0x00000007c0000000

Heap:
 PSYoungGen      total 76288K, used 29127K [0x000000076b200000, 0x0000000770700000, 0x00000007c0000000)
  eden space 65536K, 44% used [0x000000076b200000,0x000000076ce71e08,0x000000076f200000)
  from space 10752K, 0% used [0x000000076fc80000,0x000000076fc80000,0x0000000770700000)
  to   space 10752K, 0% used [0x000000076f200000,0x000000076f200000,0x000000076fc80000)
 ParOldGen       total 175104K, used 0K [0x00000006c1600000, 0x00000006cc100000, 0x000000076b200000)
  object space 175104K, 0% used [0x00000006c1600000,0x00000006c1600000,0x00000006cc100000)
 Metaspace       used 9798K, capacity 9989K, committed 10112K, reserved 1058816K
  class space    used 789K, capacity 871K, committed 896K, reserved 1048576K

Card table byte_map: [0x0000020d74ae0000,0x0000020d752e0000] byte_map_base: 0x0000020d714d5000

Marking Bits: (ParMarkBitMap*) 0x0000000053057fe0
 Begin Bits: [0x0000020d75830000, 0x0000020d797d8000)
 End Bits:   [0x0000020d797d8000, 0x0000020d7d780000)

Polling page: 0x0000020d72f40000

CodeCache: size=245760Kb used=3338Kb max_used=3338Kb free=242421Kb
 bounds [0x0000020d00000000, 0x0000020d00350000, 0x0000020d0f000000]
 total_blobs=1704 nmethods=771 adapters=847
 compilation: enabled

Compilation events (10 events):
Event: 0.753 Thread 0x0000020d7eab3800 nmethod 758 0x0000020d003365d0 code [0x0000020d00336840, 0x0000020d00337750]
Event: 0.753 Thread 0x0000020d7eab3800  762       3       sun.nio.cs.SingleByte$Encoder::encodeArrayLoop (236 bytes)
Event: 0.754 Thread 0x0000020d7eaa7000  770       4       java.nio.Buffer::flip (20 bytes)
Event: 0.754 Thread 0x0000020d7eaa7000 nmethod 770 0x0000020d00330f50 code [0x0000020d00331080, 0x0000020d003310f8]
Event: 0.754 Thread 0x0000020d7eab3800 nmethod 762 0x0000020d0033ac90 code [0x0000020d0033b120, 0x0000020d0033dd30]
Event: 0.754 Thread 0x0000020d7eab3800  759   !   3       java.nio.charset.CharsetEncoder::encode (285 bytes)
Event: 0.755 Thread 0x0000020d7eab3800 nmethod 759 0x0000020d00338b10 code [0x0000020d00338de0, 0x0000020d0033a3e0]
Event: 0.755 Thread 0x0000020d7eab3800  771       1       java.io.OutputStream::flush (1 bytes)
Event: 0.755 Thread 0x0000020d7eab3800 nmethod 771 0x0000020d00338850 code [0x0000020d003389a0, 0x0000020d00338ab8]
Event: 0.755 Thread 0x0000020d7eab3800  761   !   3       java.io.PrintStream::write (69 bytes)

GC Heap History (0 events):
No events

Deoptimization events (2 events):
Event: 0.063 Thread 0x0000020d72d48800 Uncommon trap: reason=unstable_if action=reinterpret pc=0x0000020d00110a08 method=java.lang.String.hashCode()I @ 14
Event: 0.747 Thread 0x0000020d72d48800 Uncommon trap: reason=unstable_if action=reinterpret pc=0x0000020d003286f4 method=java.io.BufferedReader.readLine(Z)Ljava/lang/String; @ 153

Classes redefined (0 events):
No events

Internal exceptions (10 events):
Event: 0.187 Thread 0x0000020d72d48800 Exception <a 'sun/nio/fs/WindowsException'> (0x000000076bbb8cd0) thrown at [C:\jenkins\workspace\8-2-build-windows-amd64-cygwin\jdk8u271\605\hotspot\src\share\vm\prims\jni.cpp, line 710]
Event: 0.187 Thread 0x0000020d72d48800 Exception <a 'sun/nio/fs/WindowsException'> (0x000000076bbb9560) thrown at [C:\jenkins\workspace\8-2-build-windows-amd64-cygwin\jdk8u271\605\hotspot\src\share\vm\prims\jni.cpp, line 710]
Event: 0.197 Thread 0x0000020d72d48800 Exception <a 'sun/nio/fs/WindowsException'> (0x000000076bbfc720) thrown at [C:\jenkins\workspace\8-2-build-windows-amd64-cygwin\jdk8u271\605\hotspot\src\share\vm\prims\jni.cpp, line 710]
Event: 0.197 Thread 0x0000020d72d48800 Exception <a 'sun/nio/fs/WindowsException'> (0x000000076bbfcde8) thrown at [C:\jenkins\workspace\8-2-build-windows-amd64-cygwin\jdk8u271\605\hotspot\src\share\vm\prims\jni.cpp, line 710]
Event: 0.471 Thread 0x0000020d72d48800 Exception <a 'sun/nio/fs/WindowsException'> (0x000000076be2d990) thrown at [C:\jenkins\workspace\8-2-build-windows-amd64-cygwin\jdk8u271\605\hotspot\src\share\vm\prims\jni.cpp, line 710]
Event: 0.471 Thread 0x0000020d72d48800 Exception <a 'sun/nio/fs/WindowsException'> (0x000000076be2e0c0) thrown at [C:\jenkins\workspace\8-2-build-windows-amd64-cygwin\jdk8u271\605\hotspot\src\share\vm\prims\jni.cpp, line 710]
Event: 0.473 Thread 0x0000020d72d48800 Exception <a 'sun/nio/fs/WindowsException'> (0x000000076be46820) thrown at [C:\jenkins\workspace\8-2-build-windows-amd64-cygwin\jdk8u271\605\hotspot\src\share\vm\prims\jni.cpp, line 710]
Event: 0.473 Thread 0x0000020d72d48800 Exception <a 'sun/nio/fs/WindowsException'> (0x000000076be46e00) thrown at [C:\jenkins\workspace\8-2-build-windows-amd64-cygwin\jdk8u271\605\hotspot\src\share\vm\prims\jni.cpp, line 710]
Event: 0.524 Thread 0x0000020d72d48800 Exception <a 'sun/nio/fs/WindowsException'> (0x000000076c01e980) thrown at [C:\jenkins\workspace\8-2-build-windows-amd64-cygwin\jdk8u271\605\hotspot\src\share\vm\prims\jni.cpp, line 710]
Event: 0.524 Thread 0x0000020d72d48800 Exception <a 'sun/nio/fs/WindowsException'> (0x000000076c01f098) thrown at [C:\jenkins\workspace\8-2-build-windows-amd64-cygwin\jdk8u271\605\hotspot\src\share\vm\prims\jni.cpp, line 710]

Events (10 events):
Event: 0.747 loading class sun/misc/FloatingDecimal$ASCIIToBinaryConverter done
Event: 0.747 loading class sun/misc/FloatingDecimal$PreparedASCIIToBinaryBuffer done
Event: 0.747 loading class sun/misc/FloatingDecimal$ASCIIToBinaryBuffer
Event: 0.747 loading class sun/misc/FloatingDecimal$ASCIIToBinaryBuffer done
Event: 0.747 loading class org/joml/Vector2f
Event: 0.747 loading class org/joml/Vector2f done
Event: 0.753 loading class java/nio/HeapFloatBuffer
Event: 0.753 loading class java/nio/HeapFloatBuffer done
Event: 0.753 loading class java/nio/HeapIntBuffer
Event: 0.753 loading class java/nio/HeapIntBuffer done


Dynamic libraries:
0x00007ff79e130000 - 0x00007ff79e177000 	C:\Program Files\Java\jre1.8.0_271\bin\javaw.exe
0x00007ffe473f0000 - 0x00007ffe475e6000 	C:\Windows\SYSTEM32\ntdll.dll
0x00007ffe45640000 - 0x00007ffe456fd000 	C:\Windows\System32\KERNEL32.DLL
0x00007ffe44e60000 - 0x00007ffe45128000 	C:\Windows\System32\KERNELBASE.dll
0x00007ffe46ac0000 - 0x00007ffe46b6c000 	C:\Windows\System32\ADVAPI32.dll
0x00007ffe46150000 - 0x00007ffe461ee000 	C:\Windows\System32\msvcrt.dll
0x00007ffe46a20000 - 0x00007ffe46abb000 	C:\Windows\System32\sechost.dll
0x00007ffe46d00000 - 0x00007ffe46e24000 	C:\Windows\System32\RPCRT4.dll
0x00007ffe45fb0000 - 0x00007ffe46150000 	C:\Windows\System32\USER32.dll
0x00007ffe44d00000 - 0x00007ffe44d22000 	C:\Windows\System32\win32u.dll
0x00007ffe46f60000 - 0x00007ffe46f8a000 	C:\Windows\System32\GDI32.dll
0x00007ffe45340000 - 0x00007ffe45449000 	C:\Windows\System32\gdi32full.dll
0x00007ffe44bb0000 - 0x00007ffe44c4d000 	C:\Windows\System32\msvcp_win.dll
0x00007ffe44d30000 - 0x00007ffe44e30000 	C:\Windows\System32\ucrtbase.dll
0x00007ffe35d20000 - 0x00007ffe35fbb000 	C:\Windows\WinSxS\amd64_microsoft.windows.common-controls_6595b64144ccf1df_6.0.19041.488_none_ca04af081b815d21\COMCTL32.dll
0x00007ffe46bd0000 - 0x00007ffe46c00000 	C:\Windows\System32\IMM32.DLL
0x00007ffe24140000 - 0x00007ffe24155000 	C:\Program Files\Java\jre1.8.0_271\bin\vcruntime140.dll
0x00007ffe10b10000 - 0x00007ffe10bab000 	C:\Program Files\Java\jre1.8.0_271\bin\msvcp140.dll
0x0000000052860000 - 0x00000000530cf000 	C:\Program Files\Java\jre1.8.0_271\bin\server\jvm.dll
0x00007ffe46ce0000 - 0x00007ffe46ce8000 	C:\Windows\System32\PSAPI.DLL
0x00007ffe3f3e0000 - 0x00007ffe3f3e9000 	C:\Windows\SYSTEM32\WSOCK32.dll
0x00007ffe3cf80000 - 0x00007ffe3cfa7000 	C:\Windows\SYSTEM32\WINMM.dll
0x00007ffe3d510000 - 0x00007ffe3d51a000 	C:\Windows\SYSTEM32\VERSION.dll
0x00007ffe45f40000 - 0x00007ffe45fab000 	C:\Windows\System32\WS2_32.dll
0x00007ffe42a60000 - 0x00007ffe42a72000 	C:\Windows\SYSTEM32\kernel.appcore.dll
0x00007ffe3b720000 - 0x00007ffe3b730000 	C:\Program Files\Java\jre1.8.0_271\bin\verify.dll
0x00007ffe30110000 - 0x00007ffe3013b000 	C:\Program Files\Java\jre1.8.0_271\bin\java.dll
0x00007ffe326a0000 - 0x00007ffe326b8000 	C:\Program Files\Java\jre1.8.0_271\bin\zip.dll
0x00007ffe462d0000 - 0x00007ffe46a11000 	C:\Windows\System32\SHELL32.dll
0x00007ffe42c60000 - 0x00007ffe433f5000 	C:\Windows\SYSTEM32\windows.storage.dll
0x00007ffe45710000 - 0x00007ffe45a65000 	C:\Windows\System32\combase.dll
0x00007ffe445a0000 - 0x00007ffe445cc000 	C:\Windows\SYSTEM32\Wldp.dll
0x00007ffe46e90000 - 0x00007ffe46f3e000 	C:\Windows\System32\SHCORE.dll
0x00007ffe46c80000 - 0x00007ffe46cd5000 	C:\Windows\System32\shlwapi.dll
0x00007ffe44a60000 - 0x00007ffe44a86000 	C:\Windows\SYSTEM32\profapi.dll
0x00007ffe325c0000 - 0x00007ffe325dc000 	C:\Program Files\Java\jre1.8.0_271\bin\net.dll
0x00007ffe442e0000 - 0x00007ffe4434a000 	C:\Windows\system32\mswsock.dll
0x00007ffe2f850000 - 0x00007ffe2f863000 	C:\Program Files\Java\jre1.8.0_271\bin\nio.dll
0x00007ffe20240000 - 0x00007ffe202a4000 	C:\Users\nils\AppData\Local\Temp\lwjglnils\3.2.3-build-13\lwjgl.dll
0x00007ffe12ea0000 - 0x00007ffe12f02000 	C:\Users\nils\AppData\Local\Temp\lwjglnils\3.2.3-build-13\glfw.dll
0x00007ffe42580000 - 0x00007ffe4261e000 	C:\Windows\system32\uxtheme.dll
0x00007ffe213e0000 - 0x00007ffe21425000 	C:\Windows\SYSTEM32\dinput8.dll
0x00007ffe14a00000 - 0x00007ffe14a11000 	C:\Windows\SYSTEM32\xinput1_4.dll
0x00007ffe452f0000 - 0x00007ffe4533e000 	C:\Windows\System32\cfgmgr32.dll
0x00007ffe448e0000 - 0x00007ffe4490c000 	C:\Windows\SYSTEM32\DEVOBJ.dll
0x00007ffe42770000 - 0x00007ffe4279f000 	C:\Windows\SYSTEM32\dwmapi.dll
0x00007ffe25490000 - 0x00007ffe255e2000 	C:\Windows\SYSTEM32\inputhost.dll
0x00007ffe45450000 - 0x00007ffe4551d000 	C:\Windows\System32\OLEAUT32.dll
0x00007ffe40ae0000 - 0x00007ffe40c36000 	C:\Windows\SYSTEM32\wintypes.dll
0x00007ffe421a0000 - 0x00007ffe42292000 	C:\Windows\SYSTEM32\CoreMessaging.dll
0x00007ffe40580000 - 0x00007ffe40677000 	C:\Windows\SYSTEM32\PROPSYS.dll
0x00007ffe44b30000 - 0x00007ffe44baf000 	C:\Windows\System32\bcryptPrimitives.dll
0x00007ffe41ac0000 - 0x00007ffe41e1e000 	C:\Windows\SYSTEM32\CoreUIComponents.dll
0x00007ffe43830000 - 0x00007ffe43863000 	C:\Windows\SYSTEM32\ntmarta.dll
0x00007ffe45520000 - 0x00007ffe45635000 	C:\Windows\System32\MSCTF.dll
0x00007ffe43400000 - 0x00007ffe4340d000 	C:\Windows\SYSTEM32\HID.DLL
0x00007ffe45a70000 - 0x00007ffe45ed7000 	C:\Windows\System32\SETUPAPI.DLL
0x00007ffe44e30000 - 0x00007ffe44e57000 	C:\Windows\System32\bcrypt.dll
0x00007ffe45130000 - 0x00007ffe45190000 	C:\Windows\System32\WINTRUST.dll
0x00007ffe45190000 - 0x00007ffe452ed000 	C:\Windows\System32\CRYPT32.dll
0x00007ffe44720000 - 0x00007ffe44732000 	C:\Windows\SYSTEM32\MSASN1.dll
0x00007ffe13d50000 - 0x00007ffe13e75000 	C:\Windows\SYSTEM32\opengl32.dll
0x00007ffe2d7e0000 - 0x00007ffe2d80c000 	C:\Windows\SYSTEM32\GLU32.dll
0x00007ffe47020000 - 0x00007ffe470c9000 	C:\Windows\System32\clbcatq.dll
0x00007ffdd2450000 - 0x00007ffdd5130000 	C:\Windows\System32\DriverStore\FileRepository\nvmdi.inf_amd64_fe92a8457e8d540c\nvoglv64.dll
0x00007ffe470d0000 - 0x00007ffe471fa000 	C:\Windows\System32\ole32.dll
0x00007ffe408a0000 - 0x00007ffe408b4000 	C:\Windows\SYSTEM32\WTSAPI32.dll
0x00007ffe3d4d0000 - 0x00007ffe3d501000 	C:\Windows\SYSTEM32\cryptnet.dll
0x00007ffe444f0000 - 0x00007ffe444fc000 	C:\Windows\SYSTEM32\cryptbase.dll
0x00007ffe3d710000 - 0x00007ffe3d74b000 	C:\Windows\SYSTEM32\dxcore.dll
0x00007ffe08b10000 - 0x00007ffe08dc9000 	C:\Windows\system32\nvspcap64.dll
0x00007ffe44110000 - 0x00007ffe4415b000 	C:\Windows\SYSTEM32\powrprof.dll
0x00007ffe43f70000 - 0x00007ffe43f82000 	C:\Windows\SYSTEM32\UMPDC.dll
0x00007ffe438e0000 - 0x00007ffe4393a000 	C:\Windows\SYSTEM32\WINSTA.dll
0x00007ffe14eb0000 - 0x00007ffe14f09000 	C:\Users\nils\AppData\Local\Temp\lwjglnils\3.2.3-build-13\lwjgl_opengl.dll
0x00007ffe0ecb0000 - 0x00007ffe0ef03000 	C:\Users\nils\AppData\Local\Temp\lwjglnils\3.2.3-build-13\jemalloc.dll
0x00007ffe2ade0000 - 0x00007ffe2aedc000 	C:\Windows\SYSTEM32\textinputframework.dll
0x00007ffe32810000 - 0x00007ffe329f4000 	C:\Windows\SYSTEM32\dbghelp.dll

VM Arguments:
jvm_args: -Dfile.encoding=Cp1252 
java_command: niles.examples.Example2
java_class_path (initial): C:\Users\nils\eclipse-workspace\lwjgl_library_3D\bin;C:\Users\nils\eclipse-workspace\lwjgl_library_3D\lib\lwjgl-assimp-javadoc.jar;C:\Users\nils\eclipse-workspace\lwjgl_library_3D\lib\lwjgl-assimp-natives-windows.jar;C:\Users\nils\eclipse-workspace\lwjgl_library_3D\lib\lwjgl-assimp-sources.jar;C:\Users\nils\eclipse-workspace\lwjgl_library_3D\lib\lwjgl-assimp.jar;C:\Users\nils\eclipse-workspace\lwjgl_library_3D\lib\lwjgl-bgfx-javadoc.jar;C:\Users\nils\eclipse-workspace\lwjgl_library_3D\lib\lwjgl-bgfx-natives-windows.jar;C:\Users\nils\eclipse-workspace\lwjgl_library_3D\lib\lwjgl-bgfx-sources.jar;C:\Users\nils\eclipse-workspace\lwjgl_library_3D\lib\lwjgl-bgfx.jar;C:\Users\nils\eclipse-workspace\lwjgl_library_3D\lib\lwjgl-cuda-javadoc.jar;C:\Users\nils\eclipse-workspace\lwjgl_library_3D\lib\lwjgl-cuda-sources.jar;C:\Users\nils\eclipse-workspace\lwjgl_library_3D\lib\lwjgl-cuda.jar;C:\Users\nils\eclipse-workspace\lwjgl_library_3D\lib\lwjgl-egl-javadoc.jar;C:\Users\nils\eclipse-workspace\lwjgl_library_3D\lib\lwjgl-egl-sources.jar;C:\Users\nils\eclipse-workspace\lwjgl_library_3D\lib\lwjgl-egl.jar;C:\Users\nils\eclipse-workspace\lwjgl_library_3D\lib\lwjgl-glfw-javadoc.jar;C:\Users\nils\eclipse-workspace\lwjgl_library_3D\lib\lwjgl-glfw-natives-windows.jar;C:\Users\nils\eclipse-workspace\lwjgl_library_3D\lib\lwjgl-glfw-sources.jar;C:\Users\nils\eclipse-workspace\lwjgl_library_3D\lib\lwjgl-glfw.jar;C:\Users\nils\eclipse-workspace\lwjgl_library_3D\lib\lwjgl-javadoc.jar;C:\Users\nils\eclipse-workspace\lwjgl_library_3D\lib\lwjgl-jawt-javadoc.jar;C:\Users\nils\eclipse-workspace\lwjgl_library_3D\lib\lwjgl-jawt-sources.jar;C:\Users\nils\eclipse-workspace\lwjgl_library_3D\lib\lwjgl-jawt.jar;C:\Users\nils\eclipse-workspace\lwjgl_library_3D\lib\lwjgl-jemalloc-javadoc.jar;C:\Users\nils\eclipse-workspace\lwjgl_library_3D\lib\lwjgl-jemalloc-natives-windows.jar;C:\Users\nils\eclipse-workspace\lwjgl_library_3D\lib\lwjgl-jemalloc-sources.jar;C:\Users\nils\eclipse-
Launcher Type: SUN_STANDARD

Environment Variables:
JAVA_HOME=C:\Program Files\Java\jdk-15.0.1
PATH=C:/Program Files/Java/jre1.8.0_271/bin/server;C:/Program Files/Java/jre1.8.0_271/bin;C:/Program Files/Java/jre1.8.0_271/lib/amd64;C:\Program Files (x86)\Common Files\Oracle\Java\javapath;C:\Windows\system32;C:\Windows;C:\Windows\System32\Wbem;C:\Windows\System32\WindowsPowerShell\v1.0\;C:\Windows\System32\OpenSSH\;C:\Program Files\NVIDIA Corporation\NVIDIA NvDLISR;C:\Program Files (x86)\NVIDIA Corporation\PhysX\Common;C:\Program Files\dotnet\;C:\Program Files\Microsoft SQL Server\130\Tools\Binn\;C:\Program Files\Microsoft SQL Server\Client SDK\ODBC\170\Tools\Binn\;C:\Program Files\nodejs\;C:\Program Files\Docker\Docker\resources\bin;C:\ProgramData\DockerDesktop\version-bin;C:\Program Files\Java\jdk-15.0.1\bin;C:\Program Files\Java\jre1.8.0_271;C:\Users\nils\Desktop;
USERNAME=nils
OS=Windows_NT
PROCESSOR_IDENTIFIER=AMD64 Family 23 Model 113 Stepping 0, AuthenticAMD



---------------  S Y S T E M  ---------------

OS: Windows 10.0 , 64 bit Build 19041 (10.0.19041.546)

CPU:total 12 (initial active 12) (12 cores per cpu, 1 threads per core) family 23 model 113 stepping 0, cmov, cx8, fxsr, mmx, sse, sse2, sse3, ssse3, sse4.1, sse4.2, popcnt, avx, avx2, aes, clmul, mmxext, 3dnowpref, lzcnt, sse4a, tsc, tscinvbit, tscinv, bmi1

Memory: 4k page, physical 16686844k(8649700k free), swap 19177212k(5060868k free)

vm_info: Java HotSpot(TM) 64-Bit Server VM (25.271-b09) for windows-amd64 JRE (1.8.0_271-b09), built on Sep 16 2020 19:14:59 by "" with MS VC++ 15.9 (VS2017)

time: Sun Dec  6 01:05:46 2020
timezone: W. Europe Standard Time
elapsed time: 0.767816 seconds (0d 0h 0m 0s)

