#
# A fatal error has been detected by the Java Runtime Environment:
#
#  EXCEPTION_ACCESS_VIOLATION (0xc0000005) at pc=0x00007ffdd78344b0, pid=8324, tid=0x0000000000003cbc
#
# JRE version: Java(TM) SE Runtime Environment (8.0_271-b09) (build 1.8.0_271-b09)
# Java VM: Java HotSpot(TM) 64-Bit Server VM (25.271-b09 mixed mode windows-amd64 compressed oops)
# Problematic frame:
# C  [nvoglv64.dll+0xdd44b0]
#
# Failed to write core dump. Minidumps are not enabled by default on client versions of Windows
#
# If you would like to submit a bug report, please visit:
#   http://bugreport.java.com/bugreport/crash.jsp
# The crash happened outside the Java Virtual Machine in native code.
# See problematic frame for where to report the bug.
#

---------------  T H R E A D  ---------------

Current thread (0x000002ca44b39000):  JavaThread "main" [_thread_in_native, id=15548, stack(0x000000f960a00000,0x000000f960b00000)]

siginfo: ExceptionCode=0xc0000005, reading address 0x0000000000000618

Registers:
RAX=0xfffffffffffffd00, RBX=0x0000000000000618, RCX=0x000000000000000c, RDX=0x0000000000000618
RSP=0x000000f960afec00, RBP=0x000000000000000c, RSI=0x000002ca62e2a4c0, RDI=0x000000000000030c
R8 =0x000000000000030c, R9 =0x00007ffdd784f120, R10=0x000002ca6307a7c0, R11=0x0000000052a9aab0
R12=0x00000000000088e8, R13=0x0000000000008892, R14=0x000000f960afed88, R15=0x000002ca44b39000
RIP=0x00007ffdd78344b0, EFLAGS=0x0000000000010207

Top of Stack: (sp=0x000000f960afec00)
0x000000f960afec00:   000002ca5edd0190 000002ca5f1fd948
0x000000f960afec10:   000000f960afed88 0000000000000000
0x000000f960afec20:   0000000000000000 00007ffdd722d6d3
0x000000f960afec30:   000002ca646c9080 000002ca646c9080
0x000000f960afec40:   0000000000000618 00000000000088e8
0x000000f960afec50:   0000000000000000 000000f960afed60
0x000000f960afec60:   000000f900000001 0000000000000000
0x000000f960afec70:   000002ca00000000 000002ca62e2a4c0
0x000000f960afec80:   000002ca6988b948 0000000000000000
0x000000f960afec90:   000002ca4649837d 000000f960afed40
0x000000f960afeca0:   000002ca6988b948 000002ca464a990e
0x000000f960afecb0:   0000000000000000 000000f960afed88
0x000000f960afecc0:   000002ca44b39000 000002ca5f2087e0
0x000000f960afecd0:   0000000000000618 000002ca000088e8
0x000000f960afece0:   0000000000000000 000000f960afed00
0x000000f960afecf0:   000000f960afed60 000002ca46497e90 

Instructions: (pc=0x00007ffdd78344b0)
0x00007ffdd7834490:   7c 24 30 a8 0f 74 7f 48 83 fd 40 72 3f 48 8b cd
0x00007ffdd78344a0:   48 c1 e9 06 48 6b c1 c0 48 03 e8 0f 1f 44 00 00
0x00007ffdd78344b0:   0f 10 03 0f 10 4b 10 0f 10 53 20 0f 10 5b 30 48
0x00007ffdd78344c0:   83 c3 40 0f 2b 06 0f 2b 4e 10 0f 2b 56 20 0f 2b 


Register to memory mapping:

RAX=0xfffffffffffffd00 is an unknown value
RBX=0x0000000000000618 is an unknown value
RCX=0x000000000000000c is an unknown value
RDX=0x0000000000000618 is an unknown value
RSP=0x000000f960afec00 is pointing into the stack for thread: 0x000002ca44b39000
RBP=0x000000000000000c is an unknown value
RSI=0x000002ca62e2a4c0 is an unknown value
RDI=0x000000000000030c is an unknown value
R8 =0x000000000000030c is an unknown value
R9 =0x00007ffdd784f120 is an unknown value
R10=0x000002ca6307a7c0 is an unknown value
R11=0x0000000052a9aab0 is an unknown value
R12=0x00000000000088e8 is an unknown value
R13=0x0000000000008892 is an unknown value
R14=0x000000f960afed88 is pointing into the stack for thread: 0x000002ca44b39000
R15=0x000002ca44b39000 is a thread


Stack: [0x000000f960a00000,0x000000f960b00000],  sp=0x000000f960afec00,  free space=1019k
Native frames: (J=compiled Java code, j=interpreted, Vv=VM code, C=native code)
C  [nvoglv64.dll+0xdd44b0]
C  [nvoglv64.dll+0x7cd6d3]
C  0x000002ca464a990e

Java frames: (J=compiled Java code, j=interpreted, Vv=VM code)
j  org.lwjgl.opengl.GL15C.nglBufferData(IJJI)V+0
j  org.lwjgl.opengl.GL15C.glBufferData(ILjava/nio/FloatBuffer;I)V+15
j  org.lwjgl.opengl.GL15.glBufferData(ILjava/nio/FloatBuffer;I)V+3
j  niles.lwjgl.entity.Geometry.updateVertices()V+23
j  niles.lwjgl.entity.Geometry.loadModel(Ljava/lang/String;)Lniles/lwjgl/entity/Geometry;+408
j  niles.examples.Example2$1.onload()V+2
j  niles.lwjgl.loop.Scene.loop()V+8
j  niles.lwjgl.loop.Game.loop()V+42
j  niles.lwjgl.loop.Game.<init>(IIZ)V+71
j  niles.examples.Example2.<init>()V+8
j  niles.examples.Example2.main([Ljava/lang/String;)V+3
v  ~StubRoutines::call_stub

---------------  P R O C E S S  ---------------

Java Threads: ( => current thread )
  0x000002ca61cf4800 JavaThread "Service Thread" daemon [_thread_blocked, id=16844, stack(0x000000f961e00000,0x000000f961f00000)]
  0x000002ca5f817000 JavaThread "C1 CompilerThread3" daemon [_thread_blocked, id=12616, stack(0x000000f961d00000,0x000000f961e00000)]
  0x000002ca5f81a800 JavaThread "C2 CompilerThread2" daemon [_thread_blocked, id=8496, stack(0x000000f961c00000,0x000000f961d00000)]
  0x000002ca5f81a000 JavaThread "C2 CompilerThread1" daemon [_thread_blocked, id=13540, stack(0x000000f961b00000,0x000000f961c00000)]
  0x000002ca5f810000 JavaThread "C2 CompilerThread0" daemon [_thread_blocked, id=6600, stack(0x000000f961a00000,0x000000f961b00000)]
  0x000002ca5f80b800 JavaThread "Attach Listener" daemon [_thread_blocked, id=4380, stack(0x000000f961900000,0x000000f961a00000)]
  0x000002ca5f80a800 JavaThread "Signal Dispatcher" daemon [_thread_blocked, id=18944, stack(0x000000f961800000,0x000000f961900000)]
  0x000002ca5f7e8800 JavaThread "Finalizer" daemon [_thread_blocked, id=15844, stack(0x000000f961700000,0x000000f961800000)]
  0x000002ca5f7c0800 JavaThread "Reference Handler" daemon [_thread_blocked, id=19200, stack(0x000000f961600000,0x000000f961700000)]
=>0x000002ca44b39000 JavaThread "main" [_thread_in_native, id=15548, stack(0x000000f960a00000,0x000000f960b00000)]

Other Threads:
  0x000002ca5f7b5800 VMThread [stack: 0x000000f961500000,0x000000f961600000] [id=4164]
  0x000002ca61d48800 WatcherThread [stack: 0x000000f961f00000,0x000000f962000000] [id=13808]

VM state:not at safepoint (normal execution)

VM Mutex/Monitor currently owned by a thread: None

heap address: 0x00000006c1600000, size: 4074 MB, Compressed Oops mode: Zero based, Oop shift amount: 3
Narrow klass base: 0x0000000000000000, Narrow klass shift: 3
Compressed class space size: 1073741824 Address: 0x00000007c0000000

Heap:
 PSYoungGen      total 76288K, used 29127K [0x000000076b200000, 0x0000000770700000, 0x00000007c0000000)
  eden space 65536K, 44% used [0x000000076b200000,0x000000076ce71e50,0x000000076f200000)
  from space 10752K, 0% used [0x000000076fc80000,0x000000076fc80000,0x0000000770700000)
  to   space 10752K, 0% used [0x000000076f200000,0x000000076f200000,0x000000076fc80000)
 ParOldGen       total 175104K, used 0K [0x00000006c1600000, 0x00000006cc100000, 0x000000076b200000)
  object space 175104K, 0% used [0x00000006c1600000,0x00000006c1600000,0x00000006cc100000)
 Metaspace       used 9799K, capacity 9989K, committed 10112K, reserved 1058816K
  class space    used 789K, capacity 871K, committed 896K, reserved 1048576K

Card table byte_map: [0x000002ca55850000,0x000002ca56050000] byte_map_base: 0x000002ca52245000

Marking Bits: (ParMarkBitMap*) 0x0000000053057fe0
 Begin Bits: [0x000002ca565a0000, 0x000002ca5a548000)
 End Bits:   [0x000002ca5a548000, 0x000002ca5e4f0000)

Polling page: 0x000002ca44cb0000

CodeCache: size=245760Kb used=3326Kb max_used=3326Kb free=242433Kb
 bounds [0x000002ca46490000, 0x000002ca467e0000, 0x000002ca55490000]
 total_blobs=1694 nmethods=761 adapters=847
 compilation: enabled

Compilation events (10 events):
Event: 0.755 Thread 0x000002ca5f817000 nmethod 747 0x000002ca467c1410 code [0x000002ca467c15e0, 0x000002ca467c1d10]
Event: 0.755 Thread 0x000002ca5f817000  753       3       sun.nio.cs.SingleByte$Encoder::encodeArrayLoop (236 bytes)
Event: 0.755 Thread 0x000002ca5f810000  761       4       java.nio.Buffer::flip (20 bytes)
Event: 0.756 Thread 0x000002ca5f810000 nmethod 761 0x000002ca467b7950 code [0x000002ca467b7a80, 0x000002ca467b7af8]
Event: 0.756 Thread 0x000002ca5f817000 nmethod 753 0x000002ca467c4e10 code [0x000002ca467c52a0, 0x000002ca467c7eb0]
Event: 0.756 Thread 0x000002ca5f817000  748       3       java.io.FileOutputStream::write (12 bytes)
Event: 0.756 Thread 0x000002ca5f817000 nmethod 748 0x000002ca467c4a50 code [0x000002ca467c4bc0, 0x000002ca467c4d50]
Event: 0.756 Thread 0x000002ca5f817000  749       3       sun.nio.cs.StreamEncoder::ensureOpen (18 bytes)
Event: 0.756 Thread 0x000002ca5f817000 nmethod 749 0x000002ca467c45d0 code [0x000002ca467c4740, 0x000002ca467c4990]
Event: 0.756 Thread 0x000002ca5f817000  750       3       sun.nio.cs.StreamEncoder::implWrite (156 bytes)

GC Heap History (0 events):
No events

Deoptimization events (2 events):
Event: 0.064 Thread 0x000002ca44b39000 Uncommon trap: reason=unstable_if action=reinterpret pc=0x000002ca4659ea88 method=java.lang.String.hashCode()I @ 14
Event: 0.749 Thread 0x000002ca44b39000 Uncommon trap: reason=unstable_if action=reinterpret pc=0x000002ca467b4f34 method=java.io.BufferedReader.readLine(Z)Ljava/lang/String; @ 153

Classes redefined (0 events):
No events

Internal exceptions (10 events):
Event: 0.188 Thread 0x000002ca44b39000 Exception <a 'sun/nio/fs/WindowsException'> (0x000000076bbb8a78) thrown at [C:\jenkins\workspace\8-2-build-windows-amd64-cygwin\jdk8u271\605\hotspot\src\share\vm\prims\jni.cpp, line 710]
Event: 0.188 Thread 0x000002ca44b39000 Exception <a 'sun/nio/fs/WindowsException'> (0x000000076bbb9308) thrown at [C:\jenkins\workspace\8-2-build-windows-amd64-cygwin\jdk8u271\605\hotspot\src\share\vm\prims\jni.cpp, line 710]
Event: 0.198 Thread 0x000002ca44b39000 Exception <a 'sun/nio/fs/WindowsException'> (0x000000076bbfc4c8) thrown at [C:\jenkins\workspace\8-2-build-windows-amd64-cygwin\jdk8u271\605\hotspot\src\share\vm\prims\jni.cpp, line 710]
Event: 0.198 Thread 0x000002ca44b39000 Exception <a 'sun/nio/fs/WindowsException'> (0x000000076bbfcb90) thrown at [C:\jenkins\workspace\8-2-build-windows-amd64-cygwin\jdk8u271\605\hotspot\src\share\vm\prims\jni.cpp, line 710]
Event: 0.473 Thread 0x000002ca44b39000 Exception <a 'sun/nio/fs/WindowsException'> (0x000000076be2d8d8) thrown at [C:\jenkins\workspace\8-2-build-windows-amd64-cygwin\jdk8u271\605\hotspot\src\share\vm\prims\jni.cpp, line 710]
Event: 0.473 Thread 0x000002ca44b39000 Exception <a 'sun/nio/fs/WindowsException'> (0x000000076be2e008) thrown at [C:\jenkins\workspace\8-2-build-windows-amd64-cygwin\jdk8u271\605\hotspot\src\share\vm\prims\jni.cpp, line 710]
Event: 0.474 Thread 0x000002ca44b39000 Exception <a 'sun/nio/fs/WindowsException'> (0x000000076be46768) thrown at [C:\jenkins\workspace\8-2-build-windows-amd64-cygwin\jdk8u271\605\hotspot\src\share\vm\prims\jni.cpp, line 710]
Event: 0.474 Thread 0x000002ca44b39000 Exception <a 'sun/nio/fs/WindowsException'> (0x000000076be46d48) thrown at [C:\jenkins\workspace\8-2-build-windows-amd64-cygwin\jdk8u271\605\hotspot\src\share\vm\prims\jni.cpp, line 710]
Event: 0.526 Thread 0x000002ca44b39000 Exception <a 'sun/nio/fs/WindowsException'> (0x000000076c01e8f8) thrown at [C:\jenkins\workspace\8-2-build-windows-amd64-cygwin\jdk8u271\605\hotspot\src\share\vm\prims\jni.cpp, line 710]
Event: 0.526 Thread 0x000002ca44b39000 Exception <a 'sun/nio/fs/WindowsException'> (0x000000076c01f010) thrown at [C:\jenkins\workspace\8-2-build-windows-amd64-cygwin\jdk8u271\605\hotspot\src\share\vm\prims\jni.cpp, line 710]

Events (10 events):
Event: 0.749 loading class sun/misc/FloatingDecimal$ASCIIToBinaryConverter done
Event: 0.749 loading class sun/misc/FloatingDecimal$PreparedASCIIToBinaryBuffer done
Event: 0.749 loading class sun/misc/FloatingDecimal$ASCIIToBinaryBuffer
Event: 0.750 loading class sun/misc/FloatingDecimal$ASCIIToBinaryBuffer done
Event: 0.750 loading class org/joml/Vector2f
Event: 0.750 loading class org/joml/Vector2f done
Event: 0.755 loading class java/nio/HeapFloatBuffer
Event: 0.755 loading class java/nio/HeapFloatBuffer done
Event: 0.755 loading class java/nio/HeapIntBuffer
Event: 0.755 loading class java/nio/HeapIntBuffer done


Dynamic libraries:
0x00007ff79e130000 - 0x00007ff79e177000 	C:\Program Files\Java\jre1.8.0_271\bin\javaw.exe
0x00007ffe473f0000 - 0x00007ffe475e6000 	C:\Windows\SYSTEM32\ntdll.dll
0x00007ffe45640000 - 0x00007ffe456fd000 	C:\Windows\System32\KERNEL32.DLL
0x00007ffe44e60000 - 0x00007ffe45128000 	C:\Windows\System32\KERNELBASE.dll
0x00007ffe46ac0000 - 0x00007ffe46b6c000 	C:\Windows\System32\ADVAPI32.dll
0x00007ffe46150000 - 0x00007ffe461ee000 	C:\Windows\System32\msvcrt.dll
0x00007ffe46a20000 - 0x00007ffe46abb000 	C:\Windows\System32\sechost.dll
0x00007ffe46d00000 - 0x00007ffe46e24000 	C:\Windows\System32\RPCRT4.dll
0x00007ffe45fb0000 - 0x00007ffe46150000 	C:\Windows\System32\USER32.dll
0x00007ffe44d00000 - 0x00007ffe44d22000 	C:\Windows\System32\win32u.dll
0x00007ffe46f60000 - 0x00007ffe46f8a000 	C:\Windows\System32\GDI32.dll
0x00007ffe45340000 - 0x00007ffe45449000 	C:\Windows\System32\gdi32full.dll
0x00007ffe44bb0000 - 0x00007ffe44c4d000 	C:\Windows\System32\msvcp_win.dll
0x00007ffe44d30000 - 0x00007ffe44e30000 	C:\Windows\System32\ucrtbase.dll
0x00007ffe35d20000 - 0x00007ffe35fbb000 	C:\Windows\WinSxS\amd64_microsoft.windows.common-controls_6595b64144ccf1df_6.0.19041.488_none_ca04af081b815d21\COMCTL32.dll
0x00007ffe46bd0000 - 0x00007ffe46c00000 	C:\Windows\System32\IMM32.DLL
0x00007ffe3f410000 - 0x00007ffe3f425000 	C:\Program Files\Java\jre1.8.0_271\bin\vcruntime140.dll
0x00007ffe142f0000 - 0x00007ffe1438b000 	C:\Program Files\Java\jre1.8.0_271\bin\msvcp140.dll
0x0000000052860000 - 0x00000000530cf000 	C:\Program Files\Java\jre1.8.0_271\bin\server\jvm.dll
0x00007ffe46ce0000 - 0x00007ffe46ce8000 	C:\Windows\System32\PSAPI.DLL
0x00007ffe3f3e0000 - 0x00007ffe3f3e9000 	C:\Windows\SYSTEM32\WSOCK32.dll
0x00007ffe3d510000 - 0x00007ffe3d51a000 	C:\Windows\SYSTEM32\VERSION.dll
0x00007ffe3cf80000 - 0x00007ffe3cfa7000 	C:\Windows\SYSTEM32\WINMM.dll
0x00007ffe45f40000 - 0x00007ffe45fab000 	C:\Windows\System32\WS2_32.dll
0x00007ffe42a60000 - 0x00007ffe42a72000 	C:\Windows\SYSTEM32\kernel.appcore.dll
0x00007ffe3b720000 - 0x00007ffe3b730000 	C:\Program Files\Java\jre1.8.0_271\bin\verify.dll
0x00007ffe30110000 - 0x00007ffe3013b000 	C:\Program Files\Java\jre1.8.0_271\bin\java.dll
0x00007ffe326a0000 - 0x00007ffe326b8000 	C:\Program Files\Java\jre1.8.0_271\bin\zip.dll
0x00007ffe462d0000 - 0x00007ffe46a11000 	C:\Windows\System32\SHELL32.dll
0x00007ffe42c60000 - 0x00007ffe433f5000 	C:\Windows\SYSTEM32\windows.storage.dll
0x00007ffe45710000 - 0x00007ffe45a65000 	C:\Windows\System32\combase.dll
0x00007ffe445a0000 - 0x00007ffe445cc000 	C:\Windows\SYSTEM32\Wldp.dll
0x00007ffe46e90000 - 0x00007ffe46f3e000 	C:\Windows\System32\SHCORE.dll
0x00007ffe46c80000 - 0x00007ffe46cd5000 	C:\Windows\System32\shlwapi.dll
0x00007ffe44a60000 - 0x00007ffe44a86000 	C:\Windows\SYSTEM32\profapi.dll
0x00007ffe325c0000 - 0x00007ffe325dc000 	C:\Program Files\Java\jre1.8.0_271\bin\net.dll
0x00007ffe442e0000 - 0x00007ffe4434a000 	C:\Windows\system32\mswsock.dll
0x00007ffe2f850000 - 0x00007ffe2f863000 	C:\Program Files\Java\jre1.8.0_271\bin\nio.dll
0x00007ffe20240000 - 0x00007ffe202a4000 	C:\Users\nils\AppData\Local\Temp\lwjglnils\3.2.3-build-13\lwjgl.dll
0x00007ffe140b0000 - 0x00007ffe14112000 	C:\Users\nils\AppData\Local\Temp\lwjglnils\3.2.3-build-13\glfw.dll
0x00007ffe42580000 - 0x00007ffe4261e000 	C:\Windows\system32\uxtheme.dll
0x00007ffe213e0000 - 0x00007ffe21425000 	C:\Windows\SYSTEM32\dinput8.dll
0x00007ffe14a00000 - 0x00007ffe14a11000 	C:\Windows\SYSTEM32\xinput1_4.dll
0x00007ffe452f0000 - 0x00007ffe4533e000 	C:\Windows\System32\cfgmgr32.dll
0x00007ffe448e0000 - 0x00007ffe4490c000 	C:\Windows\SYSTEM32\DEVOBJ.dll
0x00007ffe42770000 - 0x00007ffe4279f000 	C:\Windows\SYSTEM32\dwmapi.dll
0x00007ffe25490000 - 0x00007ffe255e2000 	C:\Windows\SYSTEM32\inputhost.dll
0x00007ffe45450000 - 0x00007ffe4551d000 	C:\Windows\System32\OLEAUT32.dll
0x00007ffe40580000 - 0x00007ffe40677000 	C:\Windows\SYSTEM32\PROPSYS.dll
0x00007ffe421a0000 - 0x00007ffe42292000 	C:\Windows\SYSTEM32\CoreMessaging.dll
0x00007ffe40ae0000 - 0x00007ffe40c36000 	C:\Windows\SYSTEM32\wintypes.dll
0x00007ffe44b30000 - 0x00007ffe44baf000 	C:\Windows\System32\bcryptPrimitives.dll
0x00007ffe41ac0000 - 0x00007ffe41e1e000 	C:\Windows\SYSTEM32\CoreUIComponents.dll
0x00007ffe43830000 - 0x00007ffe43863000 	C:\Windows\SYSTEM32\ntmarta.dll
0x00007ffe45520000 - 0x00007ffe45635000 	C:\Windows\System32\MSCTF.dll
0x00007ffe43400000 - 0x00007ffe4340d000 	C:\Windows\SYSTEM32\HID.DLL
0x00007ffe45a70000 - 0x00007ffe45ed7000 	C:\Windows\System32\SETUPAPI.DLL
0x00007ffe44e30000 - 0x00007ffe44e57000 	C:\Windows\System32\bcrypt.dll
0x00007ffe45130000 - 0x00007ffe45190000 	C:\Windows\System32\WINTRUST.dll
0x00007ffe45190000 - 0x00007ffe452ed000 	C:\Windows\System32\CRYPT32.dll
0x00007ffe44720000 - 0x00007ffe44732000 	C:\Windows\SYSTEM32\MSASN1.dll
0x00007ffe13d50000 - 0x00007ffe13e75000 	C:\Windows\SYSTEM32\opengl32.dll
0x00007ffe2d7e0000 - 0x00007ffe2d80c000 	C:\Windows\SYSTEM32\GLU32.dll
0x00007ffe47020000 - 0x00007ffe470c9000 	C:\Windows\System32\clbcatq.dll
0x00007ffdd6a60000 - 0x00007ffdd9740000 	C:\Windows\System32\DriverStore\FileRepository\nvmdi.inf_amd64_fe92a8457e8d540c\nvoglv64.dll
0x00007ffe470d0000 - 0x00007ffe471fa000 	C:\Windows\System32\ole32.dll
0x00007ffe408a0000 - 0x00007ffe408b4000 	C:\Windows\SYSTEM32\WTSAPI32.dll
0x00007ffe3d4d0000 - 0x00007ffe3d501000 	C:\Windows\SYSTEM32\cryptnet.dll
0x00007ffe444f0000 - 0x00007ffe444fc000 	C:\Windows\SYSTEM32\cryptbase.dll
0x00007ffe3d710000 - 0x00007ffe3d74b000 	C:\Windows\SYSTEM32\dxcore.dll
0x00007ffe08b10000 - 0x00007ffe08dc9000 	C:\Windows\system32\nvspcap64.dll
0x00007ffe44110000 - 0x00007ffe4415b000 	C:\Windows\SYSTEM32\powrprof.dll
0x00007ffe43f70000 - 0x00007ffe43f82000 	C:\Windows\SYSTEM32\UMPDC.dll
0x00007ffe438e0000 - 0x00007ffe4393a000 	C:\Windows\SYSTEM32\WINSTA.dll
0x00007ffe14eb0000 - 0x00007ffe14f09000 	C:\Users\nils\AppData\Local\Temp\lwjglnils\3.2.3-build-13\lwjgl_opengl.dll
0x00007ffe0ecb0000 - 0x00007ffe0ef03000 	C:\Users\nils\AppData\Local\Temp\lwjglnils\3.2.3-build-13\jemalloc.dll
0x00007ffe2ade0000 - 0x00007ffe2aedc000 	C:\Windows\SYSTEM32\textinputframework.dll
0x00007ffe32810000 - 0x00007ffe329f4000 	C:\Windows\SYSTEM32\dbghelp.dll

VM Arguments:
jvm_args: -Dfile.encoding=Cp1252 
java_command: niles.examples.Example2
java_class_path (initial): C:\Users\nils\eclipse-workspace\lwjgl_library_3D\bin;C:\Users\nils\eclipse-workspace\lwjgl_library_3D\lib\lwjgl-assimp-javadoc.jar;C:\Users\nils\eclipse-workspace\lwjgl_library_3D\lib\lwjgl-assimp-natives-windows.jar;C:\Users\nils\eclipse-workspace\lwjgl_library_3D\lib\lwjgl-assimp-sources.jar;C:\Users\nils\eclipse-workspace\lwjgl_library_3D\lib\lwjgl-assimp.jar;C:\Users\nils\eclipse-workspace\lwjgl_library_3D\lib\lwjgl-bgfx-javadoc.jar;C:\Users\nils\eclipse-workspace\lwjgl_library_3D\lib\lwjgl-bgfx-natives-windows.jar;C:\Users\nils\eclipse-workspace\lwjgl_library_3D\lib\lwjgl-bgfx-sources.jar;C:\Users\nils\eclipse-workspace\lwjgl_library_3D\lib\lwjgl-bgfx.jar;C:\Users\nils\eclipse-workspace\lwjgl_library_3D\lib\lwjgl-cuda-javadoc.jar;C:\Users\nils\eclipse-workspace\lwjgl_library_3D\lib\lwjgl-cuda-sources.jar;C:\Users\nils\eclipse-workspace\lwjgl_library_3D\lib\lwjgl-cuda.jar;C:\Users\nils\eclipse-workspace\lwjgl_library_3D\lib\lwjgl-egl-javadoc.jar;C:\Users\nils\eclipse-workspace\lwjgl_library_3D\lib\lwjgl-egl-sources.jar;C:\Users\nils\eclipse-workspace\lwjgl_library_3D\lib\lwjgl-egl.jar;C:\Users\nils\eclipse-workspace\lwjgl_library_3D\lib\lwjgl-glfw-javadoc.jar;C:\Users\nils\eclipse-workspace\lwjgl_library_3D\lib\lwjgl-glfw-natives-windows.jar;C:\Users\nils\eclipse-workspace\lwjgl_library_3D\lib\lwjgl-glfw-sources.jar;C:\Users\nils\eclipse-workspace\lwjgl_library_3D\lib\lwjgl-glfw.jar;C:\Users\nils\eclipse-workspace\lwjgl_library_3D\lib\lwjgl-javadoc.jar;C:\Users\nils\eclipse-workspace\lwjgl_library_3D\lib\lwjgl-jawt-javadoc.jar;C:\Users\nils\eclipse-workspace\lwjgl_library_3D\lib\lwjgl-jawt-sources.jar;C:\Users\nils\eclipse-workspace\lwjgl_library_3D\lib\lwjgl-jawt.jar;C:\Users\nils\eclipse-workspace\lwjgl_library_3D\lib\lwjgl-jemalloc-javadoc.jar;C:\Users\nils\eclipse-workspace\lwjgl_library_3D\lib\lwjgl-jemalloc-natives-windows.jar;C:\Users\nils\eclipse-workspace\lwjgl_library_3D\lib\lwjgl-jemalloc-sources.jar;C:\Users\nils\eclipse-
Launcher Type: SUN_STANDARD

Environment Variables:
JAVA_HOME=C:\Program Files\Java\jdk-15.0.1
PATH=C:/Program Files/Java/jre1.8.0_271/bin/server;C:/Program Files/Java/jre1.8.0_271/bin;C:/Program Files/Java/jre1.8.0_271/lib/amd64;C:\Program Files (x86)\Common Files\Oracle\Java\javapath;C:\Windows\system32;C:\Windows;C:\Windows\System32\Wbem;C:\Windows\System32\WindowsPowerShell\v1.0\;C:\Windows\System32\OpenSSH\;C:\Program Files\NVIDIA Corporation\NVIDIA NvDLISR;C:\Program Files (x86)\NVIDIA Corporation\PhysX\Common;C:\Program Files\dotnet\;C:\Program Files\Microsoft SQL Server\130\Tools\Binn\;C:\Program Files\Microsoft SQL Server\Client SDK\ODBC\170\Tools\Binn\;C:\Program Files\nodejs\;C:\Program Files\Docker\Docker\resources\bin;C:\ProgramData\DockerDesktop\version-bin;C:\Program Files\Java\jdk-15.0.1\bin;C:\Program Files\Java\jre1.8.0_271;C:\Users\nils\Desktop;
USERNAME=nils
OS=Windows_NT
PROCESSOR_IDENTIFIER=AMD64 Family 23 Model 113 Stepping 0, AuthenticAMD



---------------  S Y S T E M  ---------------

OS: Windows 10.0 , 64 bit Build 19041 (10.0.19041.546)

CPU:total 12 (initial active 12) (12 cores per cpu, 1 threads per core) family 23 model 113 stepping 0, cmov, cx8, fxsr, mmx, sse, sse2, sse3, ssse3, sse4.1, sse4.2, popcnt, avx, avx2, aes, clmul, mmxext, 3dnowpref, lzcnt, sse4a, tsc, tscinvbit, tscinv, bmi1

Memory: 4k page, physical 16686844k(8690664k free), swap 19177212k(5101144k free)

vm_info: Java HotSpot(TM) 64-Bit Server VM (25.271-b09) for windows-amd64 JRE (1.8.0_271-b09), built on Sep 16 2020 19:14:59 by "" with MS VC++ 15.9 (VS2017)

time: Sun Dec  6 01:09:10 2020
timezone: W. Europe Standard Time
elapsed time: 0.770116 seconds (0d 0h 0m 0s)

